2019/03/01 14:56:06.887 [I]  Listing bucket `myblog` by prefix ``
2019/03/01 14:56:07.728 [I]  Downloading 20171208/3f4cc7ac-5b04-4880-bcff-21560104e9c4.png => /Users/acgpiano/github/imgcdn/qiniu/20171208/3f4cc7ac-5b04-4880-bcff-21560104e9c4.png
2019/03/01 14:56:07.728 [I]  Downloading 20171208/color-eye-love-maconha-favim-com-803200.jpg => /Users/acgpiano/github/imgcdn/qiniu/20171208/color-eye-love-maconha-favim-com-803200.jpg
2019/03/01 14:56:07.729 [I]  Downloading 20171209/ee749290b8904f77f14af0810aef6259.jpg => /Users/acgpiano/github/imgcdn/qiniu/20171209/ee749290b8904f77f14af0810aef6259.jpg
2019/03/01 14:56:07.729 [I]  Downloading 20171209/sl.jpeg => /Users/acgpiano/github/imgcdn/qiniu/20171209/sl.jpeg
2019/03/01 14:56:07.729 [I]  Downloading 20171209/icon.png => /Users/acgpiano/github/imgcdn/qiniu/20171209/icon.png
2019/03/01 14:56:07.729 [I]  Downloading 20171209/wallhaven-435722.jpg => /Users/acgpiano/github/imgcdn/qiniu/20171209/wallhaven-435722.jpg
2019/03/01 14:56:07.730 [I]  Downloading 20171210/e7c0ef1f1b84e745aa22dbb5e4c7600a_hd.jpg => /Users/acgpiano/github/imgcdn/qiniu/20171210/e7c0ef1f1b84e745aa22dbb5e4c7600a_hd.jpg
2019/03/01 14:56:07.730 [I]  Downloading 20171212/sl.jpeg => /Users/acgpiano/github/imgcdn/qiniu/20171212/sl.jpeg
2019/03/01 14:56:07.730 [I]  Downloading 2018-01-04/QQ20180104-0.png => /Users/acgpiano/github/imgcdn/qiniu/2018-01-04/QQ20180104-0.png
2019/03/01 14:56:07.730 [I]  Downloading 2018-01-04/QQ20180104-1.png => /Users/acgpiano/github/imgcdn/qiniu/2018-01-04/QQ20180104-1.png
2019/03/01 14:56:07.730 [I]  Downloading 2018-01-04/QQ20180104-170704.png => /Users/acgpiano/github/imgcdn/qiniu/2018-01-04/QQ20180104-170704.png
2019/03/01 14:56:07.731 [I]  Downloading 2018-01-04/QQ20180104-170730.png => /Users/acgpiano/github/imgcdn/qiniu/2018-01-04/QQ20180104-170730.png
2019/03/01 14:56:07.731 [I]  Downloading 2018-01-04/QQ20180104-170745.png => /Users/acgpiano/github/imgcdn/qiniu/2018-01-04/QQ20180104-170745.png
2019/03/01 14:56:07.731 [I]  Downloading 2018-01-04/QQ20180104-170801.png => /Users/acgpiano/github/imgcdn/qiniu/2018-01-04/QQ20180104-170801.png
2019/03/01 14:56:07.731 [I]  Downloading 2018-01-04/QQ20180104-170814.png => /Users/acgpiano/github/imgcdn/qiniu/2018-01-04/QQ20180104-170814.png
2019/03/01 14:56:07.732 [I]  Downloading 2018-01-04/QQ20180104-175113.png => /Users/acgpiano/github/imgcdn/qiniu/2018-01-04/QQ20180104-175113.png
2019/03/01 14:56:07.732 [I]  Downloading 2018-01-04/QQ20180104-3.png => /Users/acgpiano/github/imgcdn/qiniu/2018-01-04/QQ20180104-3.png
2019/03/01 14:56:07.732 [I]  Downloading 2018-01-04/QQ20180104-4.png => /Users/acgpiano/github/imgcdn/qiniu/2018-01-04/QQ20180104-4.png
2019/03/01 14:56:07.732 [I]  Downloading 2018-01-04/QQ20180104-5.png => /Users/acgpiano/github/imgcdn/qiniu/2018-01-04/QQ20180104-5.png
2019/03/01 14:56:07.732 [I]  Downloading 2018-01-04/QQ20180104-8.png => /Users/acgpiano/github/imgcdn/qiniu/2018-01-04/QQ20180104-8.png
2019/03/01 14:56:07.733 [I]  Downloading 2018-01-04/QQ20180104-9.png => /Users/acgpiano/github/imgcdn/qiniu/2018-01-04/QQ20180104-9.png
2019/03/01 14:56:07.733 [I]  Downloading 2018-05-29/3_meitu_1.jpg => /Users/acgpiano/github/imgcdn/qiniu/2018-05-29/3_meitu_1.jpg
2019/03/01 14:56:07.733 [I]  Downloading 2018-05-29/4.png => /Users/acgpiano/github/imgcdn/qiniu/2018-05-29/4.png
2019/03/01 14:56:07.733 [I]  Downloading acgmusic/bundle.js => /Users/acgpiano/github/imgcdn/qiniu/acgmusic/bundle.js
2019/03/01 14:56:07.734 [I]  Downloading acgmusic/images/Intro theme2.png => /Users/acgpiano/github/imgcdn/qiniu/acgmusic/images/Intro theme2.png
2019/03/01 14:56:07.734 [I]  Downloading acgmusic/images/Melodies of life.png => /Users/acgpiano/github/imgcdn/qiniu/acgmusic/images/Melodies of life.png
2019/03/01 14:56:07.734 [I]  Downloading acgmusic/images/Promise.png => /Users/acgpiano/github/imgcdn/qiniu/acgmusic/images/Promise.png
2019/03/01 14:56:07.734 [I]  Downloading acgmusic/images/aerith.png => /Users/acgpiano/github/imgcdn/qiniu/acgmusic/images/aerith.png
2019/03/01 14:56:07.734 [I]  Downloading acgmusic/images/bdff wind.png => /Users/acgpiano/github/imgcdn/qiniu/acgmusic/images/bdff wind.png
2019/03/01 14:56:07.735 [I]  Downloading acgmusic/images/eyesonme.png => /Users/acgpiano/github/imgcdn/qiniu/acgmusic/images/eyesonme.png
2019/03/01 14:56:07.735 [I]  Downloading acgmusic/images/intro theme.png => /Users/acgpiano/github/imgcdn/qiniu/acgmusic/images/intro theme.png
2019/03/01 14:56:07.735 [I]  Downloading acgmusic/images/not-tomorrow.jpg => /Users/acgpiano/github/imgcdn/qiniu/acgmusic/images/not-tomorrow.jpg
2019/03/01 14:56:07.735 [I]  Downloading acgmusic/images/steinway.png => /Users/acgpiano/github/imgcdn/qiniu/acgmusic/images/steinway.png
2019/03/01 14:56:07.736 [I]  Downloading acgmusic/images/tifa theme.png => /Users/acgpiano/github/imgcdn/qiniu/acgmusic/images/tifa theme.png
2019/03/01 14:56:07.736 [I]  Downloading acgmusic/images/to zanarkand harp.png => /Users/acgpiano/github/imgcdn/qiniu/acgmusic/images/to zanarkand harp.png
2019/03/01 14:56:07.736 [I]  Downloading acgmusic/images/tozana2.png => /Users/acgpiano/github/imgcdn/qiniu/acgmusic/images/tozana2.png
2019/03/01 14:56:07.736 [I]  Downloading acgmusic/images/true.png => /Users/acgpiano/github/imgcdn/qiniu/acgmusic/images/true.png
2019/03/01 14:56:07.736 [I]  Downloading ajax.js => /Users/acgpiano/github/imgcdn/qiniu/ajax.js
2019/03/01 14:56:07.737 [I]  Downloading async.min.js => /Users/acgpiano/github/imgcdn/qiniu/async.min.js
2019/03/01 14:56:07.737 [I]  Downloading bg.png => /Users/acgpiano/github/imgcdn/qiniu/bg.png
2019/03/01 14:56:07.737 [I]  Downloading blogimages/o_1bf653ol6n3m18e3241vj8u6p71493781570218 => /Users/acgpiano/github/imgcdn/qiniu/blogimages/o_1bf653ol6n3m18e3241vj8u6p71493781570218
2019/03/01 14:56:07.737 [I]  Downloading blogimages/o_1bf6568fl195b1chk144v1f6qpp71493781651963 => /Users/acgpiano/github/imgcdn/qiniu/blogimages/o_1bf6568fl195b1chk144v1f6qpp71493781651963
2019/03/01 14:56:07.738 [I]  Downloading blogimages/o_1bf658jljt2s1dd1as5140ghrac1493781728958 => /Users/acgpiano/github/imgcdn/qiniu/blogimages/o_1bf658jljt2s1dd1as5140ghrac1493781728958
2019/03/01 14:56:07.738 [I]  Downloading blogimages/o_1bf65b6jb3tunhs107ealqm0ih1493781813876 => /Users/acgpiano/github/imgcdn/qiniu/blogimages/o_1bf65b6jb3tunhs107ealqm0ih1493781813876
2019/03/01 14:56:07.738 [I]  Downloading blogimages/o_1bf65cvjtqh81bht19ie1lgr6ndm1493781872257 => /Users/acgpiano/github/imgcdn/qiniu/blogimages/o_1bf65cvjtqh81bht19ie1lgr6ndm1493781872257
2019/03/01 14:56:07.738 [I]  Downloading blogimages/o_1bf65e0bv1aab17391r391fdcf9or1493781905795 => /Users/acgpiano/github/imgcdn/qiniu/blogimages/o_1bf65e0bv1aab17391r391fdcf9or1493781905795
2019/03/01 14:56:07.739 [I]  Downloading blogimages/o_1bf65espgje7g0f26d167ca0n101493781934902 => /Users/acgpiano/github/imgcdn/qiniu/blogimages/o_1bf65espgje7g0f26d167ca0n101493781934902
2019/03/01 14:56:07.739 [I]  Downloading blogimages/o_1bf65tsam1n8e100h19pt15hr1ba871493782425947 => /Users/acgpiano/github/imgcdn/qiniu/blogimages/o_1bf65tsam1n8e100h19pt15hr1ba871493782425947
2019/03/01 14:56:07.740 [I]  Downloading blogs/built/assets/codemirror/codemirror-2a73a08248af3b90d97b81060957ec90.css => /Users/acgpiano/github/imgcdn/qiniu/blogs/built/assets/codemirror/codemirror-2a73a08248af3b90d97b81060957ec90.css
2019/03/01 14:56:07.740 [I]  Downloading blogs/built/assets/ghost-dark-3f6113ac29c341e902e06f0dac916969.css => /Users/acgpiano/github/imgcdn/qiniu/blogs/built/assets/ghost-dark-3f6113ac29c341e902e06f0dac916969.css
2019/03/01 14:56:07.740 [I]  Downloading blogs/built/assets/ghost.min-2fac9bb0406fefc9215b8fe3f9e2a7ec.js => /Users/acgpiano/github/imgcdn/qiniu/blogs/built/assets/ghost.min-2fac9bb0406fefc9215b8fe3f9e2a7ec.js
2019/03/01 14:56:07.740 [I]  Downloading blogs/built/assets/codemirror/codemirror-54fed12a59f11018cdcc8817c2504ad0.js => /Users/acgpiano/github/imgcdn/qiniu/blogs/built/assets/codemirror/codemirror-54fed12a59f11018cdcc8817c2504ad0.js
2019/03/01 14:56:07.740 [I]  Downloading blogs/built/assets/config_option.json => /Users/acgpiano/github/imgcdn/qiniu/blogs/built/assets/config_option.json
2019/03/01 14:56:07.741 [I]  Downloading blogs/built/assets/ghost.min-ab0ed0d9690d2b59461ffc7e45d88069.css => /Users/acgpiano/github/imgcdn/qiniu/blogs/built/assets/ghost.min-ab0ed0d9690d2b59461ffc7e45d88069.css
2019/03/01 14:56:07.741 [I]  Downloading blogs/built/assets/icons/account-group.svg => /Users/acgpiano/github/imgcdn/qiniu/blogs/built/assets/icons/account-group.svg
2019/03/01 14:56:07.741 [I]  Downloading blogs/built/assets/icons/add.svg => /Users/acgpiano/github/imgcdn/qiniu/blogs/built/assets/icons/add.svg
2019/03/01 14:56:07.741 [I]  Downloading blogs/built/assets/icons/ambulance.svg => /Users/acgpiano/github/imgcdn/qiniu/blogs/built/assets/icons/ambulance.svg
2019/03/01 14:56:07.741 [I]  Downloading blogs/built/assets/icons/arrow-down-small.svg => /Users/acgpiano/github/imgcdn/qiniu/blogs/built/assets/icons/arrow-down-small.svg
2019/03/01 14:56:07.742 [I]  Downloading blogs/built/assets/icons/arrow-down.svg => /Users/acgpiano/github/imgcdn/qiniu/blogs/built/assets/icons/arrow-down.svg
2019/03/01 14:56:07.742 [I]  Downloading blogs/built/assets/icons/arrow-left-small.svg => /Users/acgpiano/github/imgcdn/qiniu/blogs/built/assets/icons/arrow-left-small.svg
2019/03/01 14:56:07.742 [I]  Downloading blogs/built/assets/icons/arrow-left.svg => /Users/acgpiano/github/imgcdn/qiniu/blogs/built/assets/icons/arrow-left.svg
2019/03/01 14:56:07.742 [I]  Downloading blogs/built/assets/icons/arrow-right-small.svg => /Users/acgpiano/github/imgcdn/qiniu/blogs/built/assets/icons/arrow-right-small.svg
2019/03/01 14:56:07.743 [I]  Downloading blogs/built/assets/icons/arrow-right.svg => /Users/acgpiano/github/imgcdn/qiniu/blogs/built/assets/icons/arrow-right.svg
2019/03/01 14:56:07.743 [I]  Downloading blogs/built/assets/icons/arrow-up-small.svg => /Users/acgpiano/github/imgcdn/qiniu/blogs/built/assets/icons/arrow-up-small.svg
2019/03/01 14:56:07.743 [I]  Downloading blogs/built/assets/icons/arrow-up.svg => /Users/acgpiano/github/imgcdn/qiniu/blogs/built/assets/icons/arrow-up.svg
2019/03/01 14:56:07.743 [I]  Downloading blogs/built/assets/icons/arrow2-down.svg => /Users/acgpiano/github/imgcdn/qiniu/blogs/built/assets/icons/arrow2-down.svg
2019/03/01 14:56:07.744 [I]  Downloading blogs/built/assets/icons/arrow2-right.svg => /Users/acgpiano/github/imgcdn/qiniu/blogs/built/assets/icons/arrow2-right.svg
2019/03/01 14:56:07.744 [I]  Downloading blogs/built/assets/icons/backicon.png => /Users/acgpiano/github/imgcdn/qiniu/blogs/built/assets/icons/backicon.png
2019/03/01 14:56:07.744 [I]  Downloading blogs/built/assets/icons/book-open.svg => /Users/acgpiano/github/imgcdn/qiniu/blogs/built/assets/icons/book-open.svg
2019/03/01 14:56:07.744 [I]  Downloading blogs/built/assets/icons/bookmark-article.svg => /Users/acgpiano/github/imgcdn/qiniu/blogs/built/assets/icons/bookmark-article.svg
2019/03/01 14:56:07.745 [I]  Downloading blogs/built/assets/icons/box-hands.svg => /Users/acgpiano/github/imgcdn/qiniu/blogs/built/assets/icons/box-hands.svg
2019/03/01 14:56:07.745 [I]  Downloading blogs/built/assets/icons/box.svg => /Users/acgpiano/github/imgcdn/qiniu/blogs/built/assets/icons/box.svg
2019/03/01 14:56:07.746 [I]  Downloading blogs/built/assets/icons/brackets.svg => /Users/acgpiano/github/imgcdn/qiniu/blogs/built/assets/icons/brackets.svg
2019/03/01 14:56:07.747 [I]  Downloading blogs/built/assets/icons/calendar.svg => /Users/acgpiano/github/imgcdn/qiniu/blogs/built/assets/icons/calendar.svg
2019/03/01 14:56:07.747 [I]  Downloading blogs/built/assets/icons/cash.svg => /Users/acgpiano/github/imgcdn/qiniu/blogs/built/assets/icons/cash.svg
2019/03/01 14:56:07.747 [I]  Downloading blogs/built/assets/icons/check-circle.svg => /Users/acgpiano/github/imgcdn/qiniu/blogs/built/assets/icons/check-circle.svg
2019/03/01 14:56:07.747 [I]  Downloading blogs/built/assets/icons/boxes.svg => /Users/acgpiano/github/imgcdn/qiniu/blogs/built/assets/icons/boxes.svg
2019/03/01 14:56:07.747 [I]  Downloading blogs/built/assets/icons/chat-double-bubble.svg => /Users/acgpiano/github/imgcdn/qiniu/blogs/built/assets/icons/chat-double-bubble.svg
2019/03/01 14:56:07.747 [I]  Downloading blogs/built/assets/icons/cheeseburger.svg => /Users/acgpiano/github/imgcdn/qiniu/blogs/built/assets/icons/cheeseburger.svg
2019/03/01 14:56:07.747 [I]  Downloading blogs/built/assets/icons/clock.svg => /Users/acgpiano/github/imgcdn/qiniu/blogs/built/assets/icons/clock.svg
2019/03/01 14:56:07.748 [I]  Downloading blogs/built/assets/icons/close.svg => /Users/acgpiano/github/imgcdn/qiniu/blogs/built/assets/icons/close.svg
2019/03/01 14:56:07.748 [I]  Downloading blogs/built/assets/icons/cloud.svg => /Users/acgpiano/github/imgcdn/qiniu/blogs/built/assets/icons/cloud.svg
2019/03/01 14:56:07.748 [I]  Downloading blogs/built/assets/icons/compass.svg => /Users/acgpiano/github/imgcdn/qiniu/blogs/built/assets/icons/compass.svg
2019/03/01 14:56:07.749 [I]  Downloading blogs/built/assets/icons/content.svg => /Users/acgpiano/github/imgcdn/qiniu/blogs/built/assets/icons/content.svg
2019/03/01 14:56:07.749 [I]  Downloading blogs/built/assets/icons/cycle.svg => /Users/acgpiano/github/imgcdn/qiniu/blogs/built/assets/icons/cycle.svg
2019/03/01 14:56:07.749 [I]  Downloading blogs/built/assets/icons/diamond.svg => /Users/acgpiano/github/imgcdn/qiniu/blogs/built/assets/icons/diamond.svg
2019/03/01 14:56:07.749 [I]  Downloading blogs/built/assets/icons/download-circle.svg => /Users/acgpiano/github/imgcdn/qiniu/blogs/built/assets/icons/download-circle.svg
2019/03/01 14:56:07.749 [I]  Downloading blogs/built/assets/icons/computer.svg => /Users/acgpiano/github/imgcdn/qiniu/blogs/built/assets/icons/computer.svg
2019/03/01 14:56:07.750 [I]  Downloading blogs/built/assets/icons/download.svg => /Users/acgpiano/github/imgcdn/qiniu/blogs/built/assets/icons/download.svg
2019/03/01 14:56:07.750 [I]  Downloading blogs/built/assets/icons/eco-globe.svg => /Users/acgpiano/github/imgcdn/qiniu/blogs/built/assets/icons/eco-globe.svg
2019/03/01 14:56:07.750 [I]  Downloading blogs/built/assets/icons/eco-lightbulb.svg => /Users/acgpiano/github/imgcdn/qiniu/blogs/built/assets/icons/eco-lightbulb.svg
2019/03/01 14:56:07.750 [I]  Downloading blogs/built/assets/icons/email-love-letter.svg => /Users/acgpiano/github/imgcdn/qiniu/blogs/built/assets/icons/email-love-letter.svg
2019/03/01 14:56:07.750 [I]  Downloading blogs/built/assets/icons/email-send.svg => /Users/acgpiano/github/imgcdn/qiniu/blogs/built/assets/icons/email-send.svg
2019/03/01 14:56:07.766 [I]  Downloading blogs/built/assets/icons/email.svg => /Users/acgpiano/github/imgcdn/qiniu/blogs/built/assets/icons/email.svg
2019/03/01 14:56:07.767 [I]  Downloading blogs/built/assets/icons/external.svg => /Users/acgpiano/github/imgcdn/qiniu/blogs/built/assets/icons/external.svg
2019/03/01 14:56:07.767 [I]  Downloading blogs/built/assets/icons/facebook.svg => /Users/acgpiano/github/imgcdn/qiniu/blogs/built/assets/icons/facebook.svg
2019/03/01 14:56:07.768 [I]  Downloading blogs/built/assets/icons/file-text-document.svg => /Users/acgpiano/github/imgcdn/qiniu/blogs/built/assets/icons/file-text-document.svg
2019/03/01 14:56:07.768 [I]  Downloading blogs/built/assets/icons/folder.svg => /Users/acgpiano/github/imgcdn/qiniu/blogs/built/assets/icons/folder.svg
2019/03/01 14:56:07.769 [I]  Downloading blogs/built/assets/icons/ghost-logo.svg => /Users/acgpiano/github/imgcdn/qiniu/blogs/built/assets/icons/ghost-logo.svg
2019/03/01 14:56:07.769 [I]  Downloading blogs/built/assets/icons/github-outline.svg => /Users/acgpiano/github/imgcdn/qiniu/blogs/built/assets/icons/github-outline.svg
2019/03/01 14:56:08.142 [I]  Download 20171209/icon.png => /Users/acgpiano/github/imgcdn/qiniu/20171209/icon.png success 5.28KB/s
2019/03/01 14:56:08.142 [I]  Downloading blogs/built/assets/icons/github-star.svg => /Users/acgpiano/github/imgcdn/qiniu/blogs/built/assets/icons/github-star.svg
2019/03/01 14:56:08.143 [I]  Download blogs/built/assets/icons/arrow-left-small.svg => /Users/acgpiano/github/imgcdn/qiniu/blogs/built/assets/icons/arrow-left-small.svg success 0.70KB/s
2019/03/01 14:56:08.143 [I]  Downloading blogs/built/assets/icons/github.svg => /Users/acgpiano/github/imgcdn/qiniu/blogs/built/assets/icons/github.svg
2019/03/01 14:56:08.144 [I]  Download blogs/built/assets/icons/brackets.svg => /Users/acgpiano/github/imgcdn/qiniu/blogs/built/assets/icons/brackets.svg success 0.52KB/s
2019/03/01 14:56:08.145 [I]  Downloading blogs/built/assets/icons/globe.svg => /Users/acgpiano/github/imgcdn/qiniu/blogs/built/assets/icons/globe.svg
2019/03/01 14:56:08.148 [I]  Download blogs/built/assets/icons/email-send.svg => /Users/acgpiano/github/imgcdn/qiniu/blogs/built/assets/icons/email-send.svg success 1.29KB/s
2019/03/01 14:56:08.148 [I]  Download blogs/built/assets/icons/file-text-document.svg => /Users/acgpiano/github/imgcdn/qiniu/blogs/built/assets/icons/file-text-document.svg success 0.94KB/s
2019/03/01 14:56:08.148 [I]  Downloading blogs/built/assets/icons/grab.svg => /Users/acgpiano/github/imgcdn/qiniu/blogs/built/assets/icons/grab.svg
2019/03/01 14:56:08.148 [I]  Downloading blogs/built/assets/icons/graph-line.svg => /Users/acgpiano/github/imgcdn/qiniu/blogs/built/assets/icons/graph-line.svg
2019/03/01 14:56:08.149 [I]  Download blogs/built/assets/icons/arrow-down.svg => /Users/acgpiano/github/imgcdn/qiniu/blogs/built/assets/icons/arrow-down.svg success 0.76KB/s
2019/03/01 14:56:08.149 [I]  Download blogs/built/assets/icons/ambulance.svg => /Users/acgpiano/github/imgcdn/qiniu/blogs/built/assets/icons/ambulance.svg success 1.84KB/s
2019/03/01 14:56:08.149 [I]  Downloading blogs/built/assets/icons/heart-beat.svg => /Users/acgpiano/github/imgcdn/qiniu/blogs/built/assets/icons/heart-beat.svg
2019/03/01 14:56:08.149 [I]  Downloading blogs/built/assets/icons/heart-circle.svg => /Users/acgpiano/github/imgcdn/qiniu/blogs/built/assets/icons/heart-circle.svg
2019/03/01 14:56:08.151 [I]  Download blogs/built/assets/icons/bookmark-article.svg => /Users/acgpiano/github/imgcdn/qiniu/blogs/built/assets/icons/bookmark-article.svg success 0.32KB/s
2019/03/01 14:56:08.151 [I]  Download blogs/built/assets/codemirror/codemirror-2a73a08248af3b90d97b81060957ec90.css => /Users/acgpiano/github/imgcdn/qiniu/blogs/built/assets/codemirror/codemirror-2a73a08248af3b90d97b81060957ec90.css success 0.92KB/s
2019/03/01 14:56:08.151 [I]  Downloading blogs/built/assets/icons/hotspot.svg => /Users/acgpiano/github/imgcdn/qiniu/blogs/built/assets/icons/hotspot.svg
2019/03/01 14:56:08.151 [I]  Downloading blogs/built/assets/icons/icon.svg => /Users/acgpiano/github/imgcdn/qiniu/blogs/built/assets/icons/icon.svg
2019/03/01 14:56:08.153 [I]  Download 20171208/3f4cc7ac-5b04-4880-bcff-21560104e9c4.png => /Users/acgpiano/github/imgcdn/qiniu/20171208/3f4cc7ac-5b04-4880-bcff-21560104e9c4.png success 7.15KB/s
2019/03/01 14:56:08.153 [I]  Download blogs/built/assets/icons/download.svg => /Users/acgpiano/github/imgcdn/qiniu/blogs/built/assets/icons/download.svg success 0.21KB/s
2019/03/01 14:56:08.153 [I]  Downloading blogs/built/assets/icons/id-card.svg => /Users/acgpiano/github/imgcdn/qiniu/blogs/built/assets/icons/id-card.svg
2019/03/01 14:56:08.153 [I]  Download blogs/built/assets/icons/chat-double-bubble.svg => /Users/acgpiano/github/imgcdn/qiniu/blogs/built/assets/icons/chat-double-bubble.svg success 0.95KB/s
2019/03/01 14:56:08.155 [I]  Downloading blogs/built/assets/icons/instagram.svg => /Users/acgpiano/github/imgcdn/qiniu/blogs/built/assets/icons/instagram.svg
2019/03/01 14:56:08.153 [I]  Downloading blogs/built/assets/icons/idea.svg => /Users/acgpiano/github/imgcdn/qiniu/blogs/built/assets/icons/idea.svg
2019/03/01 14:56:08.155 [I]  Download blogs/built/assets/icons/email.svg => /Users/acgpiano/github/imgcdn/qiniu/blogs/built/assets/icons/email.svg success 0.41KB/s
2019/03/01 14:56:08.155 [I]  Downloading blogs/built/assets/icons/laptop.svg => /Users/acgpiano/github/imgcdn/qiniu/blogs/built/assets/icons/laptop.svg
2019/03/01 14:56:08.155 [I]  Download blogs/built/assets/icons/box-hands.svg => /Users/acgpiano/github/imgcdn/qiniu/blogs/built/assets/icons/box-hands.svg success 1.98KB/s
2019/03/01 14:56:08.155 [I]  Downloading blogs/built/assets/icons/line.svg => /Users/acgpiano/github/imgcdn/qiniu/blogs/built/assets/icons/line.svg
2019/03/01 14:56:08.154 [I]  Download blogs/built/assets/icons/boxes.svg => /Users/acgpiano/github/imgcdn/qiniu/blogs/built/assets/icons/boxes.svg success 1.36KB/s
2019/03/01 14:56:08.156 [I]  Downloading blogs/built/assets/icons/link.svg => /Users/acgpiano/github/imgcdn/qiniu/blogs/built/assets/icons/link.svg
2019/03/01 14:56:08.156 [I]  Download blogs/built/assets/icons/github-outline.svg => /Users/acgpiano/github/imgcdn/qiniu/blogs/built/assets/icons/github-outline.svg success 2.03KB/s
2019/03/01 14:56:08.156 [I]  Downloading blogs/built/assets/icons/list-bullet.svg => /Users/acgpiano/github/imgcdn/qiniu/blogs/built/assets/icons/list-bullet.svg
2019/03/01 14:56:08.156 [I]  Download blogs/built/assets/icons/check-circle.svg => /Users/acgpiano/github/imgcdn/qiniu/blogs/built/assets/icons/check-circle.svg success 0.61KB/s
2019/03/01 14:56:08.157 [I]  Downloading blogs/built/assets/icons/list-number.svg => /Users/acgpiano/github/imgcdn/qiniu/blogs/built/assets/icons/list-number.svg
2019/03/01 14:56:08.157 [I]  Download blogs/built/assets/icons/close.svg => /Users/acgpiano/github/imgcdn/qiniu/blogs/built/assets/icons/close.svg success 0.26KB/s
2019/03/01 14:56:08.158 [I]  Downloading blogs/built/assets/icons/lock.svg => /Users/acgpiano/github/imgcdn/qiniu/blogs/built/assets/icons/lock.svg
2019/03/01 14:56:08.157 [I]  Download ajax.js => /Users/acgpiano/github/imgcdn/qiniu/ajax.js success 0.20KB/s
2019/03/01 14:56:08.158 [I]  Download blogs/built/assets/icons/arrow2-right.svg => /Users/acgpiano/github/imgcdn/qiniu/blogs/built/assets/icons/arrow2-right.svg success 1.03KB/s
2019/03/01 14:56:08.158 [I]  Downloading blogs/built/assets/icons/loop-infinite.svg => /Users/acgpiano/github/imgcdn/qiniu/blogs/built/assets/icons/loop-infinite.svg
2019/03/01 14:56:08.158 [I]  Downloading blogs/built/assets/icons/lock2.svg => /Users/acgpiano/github/imgcdn/qiniu/blogs/built/assets/icons/lock2.svg
2019/03/01 14:56:08.159 [I]  Download blogs/built/assets/icons/add.svg => /Users/acgpiano/github/imgcdn/qiniu/blogs/built/assets/icons/add.svg success 0.45KB/s
2019/03/01 14:56:08.159 [I]  Downloading blogs/built/assets/icons/lotus.svg => /Users/acgpiano/github/imgcdn/qiniu/blogs/built/assets/icons/lotus.svg
2019/03/01 14:56:08.161 [I]  Download blogs/built/assets/icons/arrow-right.svg => /Users/acgpiano/github/imgcdn/qiniu/blogs/built/assets/icons/arrow-right.svg success 0.79KB/s
2019/03/01 14:56:08.161 [I]  Downloading blogs/built/assets/icons/markdown.svg => /Users/acgpiano/github/imgcdn/qiniu/blogs/built/assets/icons/markdown.svg
2019/03/01 14:56:08.163 [I]  Download blogs/built/assets/icons/arrow-down-small.svg => /Users/acgpiano/github/imgcdn/qiniu/blogs/built/assets/icons/arrow-down-small.svg success 0.70KB/s
2019/03/01 14:56:08.163 [I]  Downloading blogs/built/assets/icons/mobile-phone-heart.svg => /Users/acgpiano/github/imgcdn/qiniu/blogs/built/assets/icons/mobile-phone-heart.svg
2019/03/01 14:56:08.165 [I]  Download blogs/built/assets/icons/computer.svg => /Users/acgpiano/github/imgcdn/qiniu/blogs/built/assets/icons/computer.svg success 0.60KB/s
2019/03/01 14:56:08.166 [I]  Downloading blogs/built/assets/icons/navigation.svg => /Users/acgpiano/github/imgcdn/qiniu/blogs/built/assets/icons/navigation.svg
2019/03/01 14:56:08.166 [I]  Download blogs/built/assets/icons/folder.svg => /Users/acgpiano/github/imgcdn/qiniu/blogs/built/assets/icons/folder.svg success 0.63KB/s
2019/03/01 14:56:08.166 [I]  Downloading blogs/built/assets/icons/network.svg => /Users/acgpiano/github/imgcdn/qiniu/blogs/built/assets/icons/network.svg
2019/03/01 14:56:08.168 [I]  Download blogs/built/assets/icons/arrow2-down.svg => /Users/acgpiano/github/imgcdn/qiniu/blogs/built/assets/icons/arrow2-down.svg success 0.40KB/s
2019/03/01 14:56:08.168 [I]  Download blogs/built/assets/icons/cycle.svg => /Users/acgpiano/github/imgcdn/qiniu/blogs/built/assets/icons/cycle.svg success 1.33KB/s
2019/03/01 14:56:08.169 [I]  Downloading blogs/built/assets/icons/paint-palette.svg => /Users/acgpiano/github/imgcdn/qiniu/blogs/built/assets/icons/paint-palette.svg
2019/03/01 14:56:08.169 [I]  Downloading blogs/built/assets/icons/news-article.svg => /Users/acgpiano/github/imgcdn/qiniu/blogs/built/assets/icons/news-article.svg
2019/03/01 14:56:08.169 [I]  Download blogs/built/assets/icons/facebook.svg => /Users/acgpiano/github/imgcdn/qiniu/blogs/built/assets/icons/facebook.svg success 0.41KB/s
2019/03/01 14:56:08.170 [I]  Downloading blogs/built/assets/icons/pen.svg => /Users/acgpiano/github/imgcdn/qiniu/blogs/built/assets/icons/pen.svg
2019/03/01 14:56:08.171 [I]  Download blogs/built/assets/icons/download-circle.svg => /Users/acgpiano/github/imgcdn/qiniu/blogs/built/assets/icons/download-circle.svg success 0.54KB/s
2019/03/01 14:56:08.171 [I]  Downloading blogs/built/assets/icons/pencil-circle.svg => /Users/acgpiano/github/imgcdn/qiniu/blogs/built/assets/icons/pencil-circle.svg
2019/03/01 14:56:08.171 [I]  Download blogs/built/assets/icons/book-open.svg => /Users/acgpiano/github/imgcdn/qiniu/blogs/built/assets/icons/book-open.svg success 0.78KB/s
2019/03/01 14:56:08.171 [I]  Downloading blogs/built/assets/icons/photos-people.svg => /Users/acgpiano/github/imgcdn/qiniu/blogs/built/assets/icons/photos-people.svg
2019/03/01 14:56:08.172 [I]  Download blogs/built/assets/icons/arrow-left.svg => /Users/acgpiano/github/imgcdn/qiniu/blogs/built/assets/icons/arrow-left.svg success 0.79KB/s
2019/03/01 14:56:08.172 [I]  Downloading blogs/built/assets/icons/photos.svg => /Users/acgpiano/github/imgcdn/qiniu/blogs/built/assets/icons/photos.svg
2019/03/01 14:56:08.173 [I]  Download blogs/built/assets/icons/eco-globe.svg => /Users/acgpiano/github/imgcdn/qiniu/blogs/built/assets/icons/eco-globe.svg success 1.00KB/s
2019/03/01 14:56:08.173 [I]  Downloading blogs/built/assets/icons/pin.svg => /Users/acgpiano/github/imgcdn/qiniu/blogs/built/assets/icons/pin.svg
2019/03/01 14:56:08.174 [I]  Download blogs/built/assets/icons/compass.svg => /Users/acgpiano/github/imgcdn/qiniu/blogs/built/assets/icons/compass.svg success 0.68KB/s
2019/03/01 14:56:08.174 [I]  Downloading blogs/built/assets/icons/plane.svg => /Users/acgpiano/github/imgcdn/qiniu/blogs/built/assets/icons/plane.svg
2019/03/01 14:56:08.180 [I]  Download blogs/built/assets/icons/content.svg => /Users/acgpiano/github/imgcdn/qiniu/blogs/built/assets/icons/content.svg success 1.21KB/s
2019/03/01 14:56:08.182 [I]  Downloading blogs/built/assets/icons/plus.svg => /Users/acgpiano/github/imgcdn/qiniu/blogs/built/assets/icons/plus.svg
2019/03/01 14:56:08.168 [I]  Download blogs/built/assets/icons/cash.svg => /Users/acgpiano/github/imgcdn/qiniu/blogs/built/assets/icons/cash.svg success 1.60KB/s
2019/03/01 14:56:08.181 [I]  Download async.min.js => /Users/acgpiano/github/imgcdn/qiniu/async.min.js success 23.35KB/s
2019/03/01 14:56:08.182 [I]  Downloading blogs/built/assets/icons/powered-by-stripe.svg => /Users/acgpiano/github/imgcdn/qiniu/blogs/built/assets/icons/powered-by-stripe.svg
2019/03/01 14:56:08.182 [I]  Download blogs/built/assets/icons/cloud.svg => /Users/acgpiano/github/imgcdn/qiniu/blogs/built/assets/icons/cloud.svg success 0.68KB/s
2019/03/01 14:56:08.183 [I]  Downloading blogs/built/assets/icons/print.png => /Users/acgpiano/github/imgcdn/qiniu/blogs/built/assets/icons/print.png
2019/03/01 14:56:08.183 [I]  Downloading blogs/built/assets/icons/presentation-code.svg => /Users/acgpiano/github/imgcdn/qiniu/blogs/built/assets/icons/presentation-code.svg
2019/03/01 14:56:08.183 [I]  Download blogs/built/assets/icons/backicon.png => /Users/acgpiano/github/imgcdn/qiniu/blogs/built/assets/icons/backicon.png success 10.26KB/s
2019/03/01 14:56:08.183 [I]  Downloading blogs/built/assets/icons/recycle.svg => /Users/acgpiano/github/imgcdn/qiniu/blogs/built/assets/icons/recycle.svg
2019/03/01 14:56:08.184 [I]  Download 20171210/e7c0ef1f1b84e745aa22dbb5e4c7600a_hd.jpg => /Users/acgpiano/github/imgcdn/qiniu/20171210/e7c0ef1f1b84e745aa22dbb5e4c7600a_hd.jpg success 7.81KB/s
2019/03/01 14:56:08.184 [I]  Downloading blogs/built/assets/icons/repo.svg => /Users/acgpiano/github/imgcdn/qiniu/blogs/built/assets/icons/repo.svg
2019/03/01 14:56:08.184 [I]  Download blogs/built/assets/icons/email-love-letter.svg => /Users/acgpiano/github/imgcdn/qiniu/blogs/built/assets/icons/email-love-letter.svg success 1.47KB/s
2019/03/01 14:56:08.184 [I]  Downloading blogs/built/assets/icons/retry.svg => /Users/acgpiano/github/imgcdn/qiniu/blogs/built/assets/icons/retry.svg
2019/03/01 14:56:08.185 [I]  Download blogs/built/assets/icons/box.svg => /Users/acgpiano/github/imgcdn/qiniu/blogs/built/assets/icons/box.svg success 1.17KB/s
2019/03/01 14:56:08.185 [I]  Downloading blogs/built/assets/icons/satellite.svg => /Users/acgpiano/github/imgcdn/qiniu/blogs/built/assets/icons/satellite.svg
2019/03/01 14:56:08.185 [I]  Download blogs/built/assets/config_option.json => /Users/acgpiano/github/imgcdn/qiniu/blogs/built/assets/config_option.json success 0.72KB/s
2019/03/01 14:56:08.185 [I]  Downloading blogs/built/assets/icons/search.svg => /Users/acgpiano/github/imgcdn/qiniu/blogs/built/assets/icons/search.svg
2019/03/01 14:56:08.185 [I]  Download blogs/built/assets/icons/external.svg => /Users/acgpiano/github/imgcdn/qiniu/blogs/built/assets/icons/external.svg success 0.22KB/s
2019/03/01 14:56:08.186 [I]  Downloading blogs/built/assets/icons/server.svg => /Users/acgpiano/github/imgcdn/qiniu/blogs/built/assets/icons/server.svg
2019/03/01 14:56:08.186 [I]  Download blogs/built/assets/icons/cheeseburger.svg => /Users/acgpiano/github/imgcdn/qiniu/blogs/built/assets/icons/cheeseburger.svg success 1.97KB/s
2019/03/01 14:56:08.186 [I]  Downloading blogs/built/assets/icons/settings.svg => /Users/acgpiano/github/imgcdn/qiniu/blogs/built/assets/icons/settings.svg
2019/03/01 14:56:08.187 [I]  Download blogs/built/assets/icons/eco-lightbulb.svg => /Users/acgpiano/github/imgcdn/qiniu/blogs/built/assets/icons/eco-lightbulb.svg success 0.55KB/s
2019/03/01 14:56:08.187 [I]  Downloading blogs/built/assets/icons/shield.svg => /Users/acgpiano/github/imgcdn/qiniu/blogs/built/assets/icons/shield.svg
2019/03/01 14:56:08.188 [I]  Download blogs/built/assets/icons/ghost-logo.svg => /Users/acgpiano/github/imgcdn/qiniu/blogs/built/assets/icons/ghost-logo.svg success 3.25KB/s
2019/03/01 14:56:08.188 [I]  Downloading blogs/built/assets/icons/signal-tower.svg => /Users/acgpiano/github/imgcdn/qiniu/blogs/built/assets/icons/signal-tower.svg
2019/03/01 14:56:08.187 [I]  Download blogs/built/assets/icons/clock.svg => /Users/acgpiano/github/imgcdn/qiniu/blogs/built/assets/icons/clock.svg success 0.59KB/s
2019/03/01 14:56:08.188 [I]  Downloading blogs/built/assets/icons/signout.svg => /Users/acgpiano/github/imgcdn/qiniu/blogs/built/assets/icons/signout.svg
2019/03/01 14:56:08.206 [I]  Download blogs/built/assets/icons/account-group.svg => /Users/acgpiano/github/imgcdn/qiniu/blogs/built/assets/icons/account-group.svg success 0.96KB/s
2019/03/01 14:56:08.206 [I]  Downloading blogs/built/assets/icons/smiley.svg => /Users/acgpiano/github/imgcdn/qiniu/blogs/built/assets/icons/smiley.svg
2019/03/01 14:56:08.218 [I]  Download blogs/built/assets/icons/arrow-right-small.svg => /Users/acgpiano/github/imgcdn/qiniu/blogs/built/assets/icons/arrow-right-small.svg success 0.70KB/s
2019/03/01 14:56:08.218 [I]  Downloading blogs/built/assets/icons/spinner.svg => /Users/acgpiano/github/imgcdn/qiniu/blogs/built/assets/icons/spinner.svg
2019/03/01 14:56:08.220 [I]  Download blogs/built/assets/icons/arrow-up.svg => /Users/acgpiano/github/imgcdn/qiniu/blogs/built/assets/icons/arrow-up.svg success 0.77KB/s
2019/03/01 14:56:08.220 [I]  Downloading blogs/built/assets/icons/store.svg => /Users/acgpiano/github/imgcdn/qiniu/blogs/built/assets/icons/store.svg
2019/03/01 14:56:08.222 [I]  Download blogimages/o_1bf65b6jb3tunhs107ealqm0ih1493781813876 => /Users/acgpiano/github/imgcdn/qiniu/blogimages/o_1bf65b6jb3tunhs107ealqm0ih1493781813876 success 31.07KB/s
2019/03/01 14:56:08.223 [I]  Downloading blogs/built/assets/icons/support.svg => /Users/acgpiano/github/imgcdn/qiniu/blogs/built/assets/icons/support.svg
2019/03/01 14:56:08.247 [I]  Download blogs/built/assets/ghost.min-ab0ed0d9690d2b59461ffc7e45d88069.css => /Users/acgpiano/github/imgcdn/qiniu/blogs/built/assets/ghost.min-ab0ed0d9690d2b59461ffc7e45d88069.css success 127.13KB/s
2019/03/01 14:56:08.247 [I]  Downloading blogs/built/assets/icons/sync.svg => /Users/acgpiano/github/imgcdn/qiniu/blogs/built/assets/icons/sync.svg
2019/03/01 14:56:08.270 [I]  Download blogs/built/assets/ghost-dark-3f6113ac29c341e902e06f0dac916969.css => /Users/acgpiano/github/imgcdn/qiniu/blogs/built/assets/ghost-dark-3f6113ac29c341e902e06f0dac916969.css success 129.44KB/s
2019/03/01 14:56:08.270 [I]  Downloading blogs/built/assets/icons/tag.svg => /Users/acgpiano/github/imgcdn/qiniu/blogs/built/assets/icons/tag.svg
2019/03/01 14:56:08.282 [I]  Download blogimages/o_1bf658jljt2s1dd1as5140ghrac1493781728958 => /Users/acgpiano/github/imgcdn/qiniu/blogimages/o_1bf658jljt2s1dd1as5140ghrac1493781728958 success 31.07KB/s
2019/03/01 14:56:08.282 [I]  Downloading blogs/built/assets/icons/terminal.svg => /Users/acgpiano/github/imgcdn/qiniu/blogs/built/assets/icons/terminal.svg
2019/03/01 14:56:08.302 [I]  Download blogs/built/assets/icons/idea.svg => /Users/acgpiano/github/imgcdn/qiniu/blogs/built/assets/icons/idea.svg success +InfKB/s
2019/03/01 14:56:08.302 [I]  Downloading blogs/built/assets/icons/text-vector.svg => /Users/acgpiano/github/imgcdn/qiniu/blogs/built/assets/icons/text-vector.svg
2019/03/01 14:56:08.321 [I]  Download blogs/built/assets/icons/instagram.svg => /Users/acgpiano/github/imgcdn/qiniu/blogs/built/assets/icons/instagram.svg success +InfKB/s
2019/03/01 14:56:08.321 [I]  Downloading blogs/built/assets/icons/text.svg => /Users/acgpiano/github/imgcdn/qiniu/blogs/built/assets/icons/text.svg
2019/03/01 14:56:08.334 [I]  Download blogs/built/assets/icons/diamond.svg => /Users/acgpiano/github/imgcdn/qiniu/blogs/built/assets/icons/diamond.svg success 0.82KB/s
2019/03/01 14:56:08.334 [I]  Downloading blogs/built/assets/icons/ticket.svg => /Users/acgpiano/github/imgcdn/qiniu/blogs/built/assets/icons/ticket.svg
2019/03/01 14:56:08.335 [I]  Download blogs/built/assets/icons/line.svg => /Users/acgpiano/github/imgcdn/qiniu/blogs/built/assets/icons/line.svg success +InfKB/s
2019/03/01 14:56:08.335 [I]  Download blogs/built/assets/icons/navigation.svg => /Users/acgpiano/github/imgcdn/qiniu/blogs/built/assets/icons/navigation.svg success +InfKB/s
2019/03/01 14:56:08.335 [I]  Downloading blogs/built/assets/icons/trash.svg => /Users/acgpiano/github/imgcdn/qiniu/blogs/built/assets/icons/trash.svg
2019/03/01 14:56:08.335 [I]  Downloading blogs/built/assets/icons/trophy.svg => /Users/acgpiano/github/imgcdn/qiniu/blogs/built/assets/icons/trophy.svg
2019/03/01 14:56:08.335 [I]  Download blogs/built/assets/icons/icon.svg => /Users/acgpiano/github/imgcdn/qiniu/blogs/built/assets/icons/icon.svg success +InfKB/s
2019/03/01 14:56:08.335 [I]  Downloading blogs/built/assets/icons/twitter.svg => /Users/acgpiano/github/imgcdn/qiniu/blogs/built/assets/icons/twitter.svg
2019/03/01 14:56:08.338 [I]  Download blogs/built/assets/icons/globe.svg => /Users/acgpiano/github/imgcdn/qiniu/blogs/built/assets/icons/globe.svg success +InfKB/s
2019/03/01 14:56:08.339 [I]  Downloading blogs/built/assets/icons/unsplash-heart.svg => /Users/acgpiano/github/imgcdn/qiniu/blogs/built/assets/icons/unsplash-heart.svg
2019/03/01 14:56:08.352 [I]  Download blogs/built/assets/icons/id-card.svg => /Users/acgpiano/github/imgcdn/qiniu/blogs/built/assets/icons/id-card.svg success +InfKB/s
2019/03/01 14:56:08.353 [I]  Download 2018-01-04/QQ20180104-3.png => /Users/acgpiano/github/imgcdn/qiniu/2018-01-04/QQ20180104-3.png success 56.68KB/s
2019/03/01 14:56:08.353 [I]  Downloading blogs/built/assets/icons/user-circle.svg => /Users/acgpiano/github/imgcdn/qiniu/blogs/built/assets/icons/user-circle.svg
2019/03/01 14:56:08.354 [I]  Download blogs/built/assets/icons/loop-infinite.svg => /Users/acgpiano/github/imgcdn/qiniu/blogs/built/assets/icons/loop-infinite.svg success +InfKB/s
2019/03/01 14:56:08.354 [I]  Downloading blogs/built/assets/icons/user-group.svg => /Users/acgpiano/github/imgcdn/qiniu/blogs/built/assets/icons/user-group.svg
2019/03/01 14:56:08.359 [I]  Downloading blogs/built/assets/icons/unsplash.svg => /Users/acgpiano/github/imgcdn/qiniu/blogs/built/assets/icons/unsplash.svg
2019/03/01 14:56:08.377 [I]  Download blogs/built/assets/icons/graph-line.svg => /Users/acgpiano/github/imgcdn/qiniu/blogs/built/assets/icons/graph-line.svg success +InfKB/s
2019/03/01 14:56:08.378 [I]  Downloading blogs/built/assets/icons/user-group2.svg => /Users/acgpiano/github/imgcdn/qiniu/blogs/built/assets/icons/user-group2.svg
2019/03/01 14:56:08.391 [I]  Download blogs/built/assets/icons/pin.svg => /Users/acgpiano/github/imgcdn/qiniu/blogs/built/assets/icons/pin.svg success +InfKB/s
2019/03/01 14:56:08.392 [I]  Downloading blogs/built/assets/icons/window-app.svg => /Users/acgpiano/github/imgcdn/qiniu/blogs/built/assets/icons/window-app.svg
2019/03/01 14:56:08.393 [I]  Download blogs/built/assets/icons/retry.svg => /Users/acgpiano/github/imgcdn/qiniu/blogs/built/assets/icons/retry.svg success +InfKB/s
2019/03/01 14:56:08.393 [I]  Downloading blogs/built/assets/icons/window-pulse.svg => /Users/acgpiano/github/imgcdn/qiniu/blogs/built/assets/icons/window-pulse.svg
2019/03/01 14:56:08.397 [I]  Download blogs/built/assets/icons/grab.svg => /Users/acgpiano/github/imgcdn/qiniu/blogs/built/assets/icons/grab.svg success +InfKB/s
2019/03/01 14:56:08.397 [I]  Downloading blogs/built/assets/icons/wrench-double.svg => /Users/acgpiano/github/imgcdn/qiniu/blogs/built/assets/icons/wrench-double.svg
2019/03/01 14:56:08.411 [I]  Download blogs/built/assets/icons/signal-tower.svg => /Users/acgpiano/github/imgcdn/qiniu/blogs/built/assets/icons/signal-tower.svg success +InfKB/s
2019/03/01 14:56:08.412 [I]  Downloading blogs/built/assets/icons/zap.svg => /Users/acgpiano/github/imgcdn/qiniu/blogs/built/assets/icons/zap.svg
2019/03/01 14:56:08.416 [I]  Download blogs/built/assets/icons/smiley.svg => /Users/acgpiano/github/imgcdn/qiniu/blogs/built/assets/icons/smiley.svg success +InfKB/s
2019/03/01 14:56:08.416 [I]  Downloading blogs/built/assets/img/404-ghost-651b3fdcf3b50d842e14183baee4de38.png => /Users/acgpiano/github/imgcdn/qiniu/blogs/built/assets/img/404-ghost-651b3fdcf3b50d842e14183baee4de38.png
2019/03/01 14:56:08.417 [I]  Download 2018-01-04/QQ20180104-4.png => /Users/acgpiano/github/imgcdn/qiniu/2018-01-04/QQ20180104-4.png success 40.77KB/s
2019/03/01 14:56:08.417 [I]  Downloading blogs/built/assets/img/404-ghost@2x-ebb9fb38ad8ffff4c3f23500f4583fb8.png => /Users/acgpiano/github/imgcdn/qiniu/blogs/built/assets/img/404-ghost@2x-ebb9fb38ad8ffff4c3f23500f4583fb8.png
2019/03/01 14:56:08.418 [I]  Download blogs/built/assets/icons/lotus.svg => /Users/acgpiano/github/imgcdn/qiniu/blogs/built/assets/icons/lotus.svg success +InfKB/s
2019/03/01 14:56:08.418 [I]  Downloading blogs/built/assets/img/ampicon-5ce435966fd374ee1bbb9d6df810da6a.png => /Users/acgpiano/github/imgcdn/qiniu/blogs/built/assets/img/ampicon-5ce435966fd374ee1bbb9d6df810da6a.png
2019/03/01 14:56:08.418 [I]  Download blogimages/o_1bf65cvjtqh81bht19ie1lgr6ndm1493781872257 => /Users/acgpiano/github/imgcdn/qiniu/blogimages/o_1bf65cvjtqh81bht19ie1lgr6ndm1493781872257 success 82.54KB/s
2019/03/01 14:56:08.418 [I]  Downloading blogs/built/assets/img/contributors/AileenCGN-bf8b9ffbb34c0fd93beb8136af07771b.jpeg => /Users/acgpiano/github/imgcdn/qiniu/blogs/built/assets/img/contributors/AileenCGN-bf8b9ffbb34c0fd93beb8136af07771b.jpeg
2019/03/01 14:56:08.420 [I]  Download blogs/built/assets/icons/github-star.svg => /Users/acgpiano/github/imgcdn/qiniu/blogs/built/assets/icons/github-star.svg success +InfKB/s
2019/03/01 14:56:08.420 [I]  Downloading blogs/built/assets/img/contributors/ErisDS-c958ccb9e3597320dee745a42f478569.jpeg => /Users/acgpiano/github/imgcdn/qiniu/blogs/built/assets/img/contributors/ErisDS-c958ccb9e3597320dee745a42f478569.jpeg
2019/03/01 14:56:08.421 [I]  Download acgmusic/bundle.js => /Users/acgpiano/github/imgcdn/qiniu/acgmusic/bundle.js success 172.24KB/s
2019/03/01 14:56:08.421 [I]  Downloading blogs/built/assets/img/contributors/GeorginaLusby-6cea5defddee3c4ea7320e580521e832.jpeg => /Users/acgpiano/github/imgcdn/qiniu/blogs/built/assets/img/contributors/GeorginaLusby-6cea5defddee3c4ea7320e580521e832.jpeg
2019/03/01 14:56:08.422 [I]  Download blogs/built/assets/icons/markdown.svg => /Users/acgpiano/github/imgcdn/qiniu/blogs/built/assets/icons/markdown.svg success +InfKB/s
2019/03/01 14:56:08.422 [I]  Downloading blogs/built/assets/img/contributors/JohnONolan-47041b80c35c6341b9b929b03139aecc.jpeg => /Users/acgpiano/github/imgcdn/qiniu/blogs/built/assets/img/contributors/JohnONolan-47041b80c35c6341b9b929b03139aecc.jpeg
2019/03/01 14:56:08.439 [I]  Download blogs/built/assets/icons/link.svg => /Users/acgpiano/github/imgcdn/qiniu/blogs/built/assets/icons/link.svg success +InfKB/s
2019/03/01 14:56:08.439 [I]  Downloading blogs/built/assets/img/contributors/acburdine-d9777fe2601dc215afb6723315829c89.jpeg => /Users/acgpiano/github/imgcdn/qiniu/blogs/built/assets/img/contributors/acburdine-d9777fe2601dc215afb6723315829c89.jpeg
2019/03/01 14:56:08.440 [I]  Download 2018-01-04/QQ20180104-170704.png => /Users/acgpiano/github/imgcdn/qiniu/2018-01-04/QQ20180104-170704.png success 42.47KB/s
2019/03/01 14:56:08.440 [I]  Downloading blogs/built/assets/img/contributors/bnookala-5896fcdd2f477495323e420efe890657.jpeg => /Users/acgpiano/github/imgcdn/qiniu/blogs/built/assets/img/contributors/bnookala-5896fcdd2f477495323e420efe890657.jpeg
2019/03/01 14:56:08.441 [I]  Download 2018-01-04/QQ20180104-9.png => /Users/acgpiano/github/imgcdn/qiniu/2018-01-04/QQ20180104-9.png success 84.00KB/s
2019/03/01 14:56:08.442 [I]  Downloading blogs/built/assets/img/contributors/cobbspur-07ded67009757d12517621fc856eba62.jpeg => /Users/acgpiano/github/imgcdn/qiniu/blogs/built/assets/img/contributors/cobbspur-07ded67009757d12517621fc856eba62.jpeg
2019/03/01 14:56:08.442 [I]  Download blogs/built/assets/icons/repo.svg => /Users/acgpiano/github/imgcdn/qiniu/blogs/built/assets/icons/repo.svg success +InfKB/s
2019/03/01 14:56:08.443 [I]  Download blogs/built/assets/icons/presentation-code.svg => /Users/acgpiano/github/imgcdn/qiniu/blogs/built/assets/icons/presentation-code.svg success +InfKB/s
2019/03/01 14:56:08.443 [I]  Downloading blogs/built/assets/img/contributors/dbalders-452347a406c2ca23657daea9100878f3.jpeg => /Users/acgpiano/github/imgcdn/qiniu/blogs/built/assets/img/contributors/dbalders-452347a406c2ca23657daea9100878f3.jpeg
2019/03/01 14:56:08.443 [I]  Downloading blogs/built/assets/img/contributors/disordinary-b9997e5debb59b7aadc79ba90955b662.jpeg => /Users/acgpiano/github/imgcdn/qiniu/blogs/built/assets/img/contributors/disordinary-b9997e5debb59b7aadc79ba90955b662.jpeg
2019/03/01 14:56:08.444 [I]  Download blogs/built/assets/icons/list-bullet.svg => /Users/acgpiano/github/imgcdn/qiniu/blogs/built/assets/icons/list-bullet.svg success +InfKB/s
2019/03/01 14:56:08.444 [I]  Downloading blogs/built/assets/img/contributors/felixrieseberg-ecf29e8eadc58fab999c507049f898cf.jpeg => /Users/acgpiano/github/imgcdn/qiniu/blogs/built/assets/img/contributors/felixrieseberg-ecf29e8eadc58fab999c507049f898cf.jpeg
2019/03/01 14:56:08.444 [I]  Download blogs/built/assets/icons/pen.svg => /Users/acgpiano/github/imgcdn/qiniu/blogs/built/assets/icons/pen.svg success +InfKB/s
2019/03/01 14:56:08.444 [I]  Downloading blogs/built/assets/img/contributors/frantzypants-637b03f85dff89700a661fde79daea5c.jpeg => /Users/acgpiano/github/imgcdn/qiniu/blogs/built/assets/img/contributors/frantzypants-637b03f85dff89700a661fde79daea5c.jpeg
2019/03/01 14:56:08.455 [I]  Download blogs/built/assets/icons/store.svg => /Users/acgpiano/github/imgcdn/qiniu/blogs/built/assets/icons/store.svg success +InfKB/s
2019/03/01 14:56:08.444 [I]  Download blogs/built/assets/icons/powered-by-stripe.svg => /Users/acgpiano/github/imgcdn/qiniu/blogs/built/assets/icons/powered-by-stripe.svg success +InfKB/s
2019/03/01 14:56:08.456 [I]  Downloading blogs/built/assets/img/contributors/jaswilli-8cc9a8d2539ca03239d113dfb25ff5c2.jpeg => /Users/acgpiano/github/imgcdn/qiniu/blogs/built/assets/img/contributors/jaswilli-8cc9a8d2539ca03239d113dfb25ff5c2.jpeg
2019/03/01 14:56:08.456 [I]  Downloading blogs/built/assets/img/contributors/halfdan-00d6783e5fba2900ee1380939297d8ee.jpeg => /Users/acgpiano/github/imgcdn/qiniu/blogs/built/assets/img/contributors/halfdan-00d6783e5fba2900ee1380939297d8ee.jpeg
2019/03/01 14:56:08.456 [I]  Download blogs/built/assets/codemirror/codemirror-54fed12a59f11018cdcc8817c2504ad0.js => /Users/acgpiano/github/imgcdn/qiniu/blogs/built/assets/codemirror/codemirror-54fed12a59f11018cdcc8817c2504ad0.js success 210.07KB/s
2019/03/01 14:56:08.457 [I]  Downloading blogs/built/assets/img/contributors/kevinansfield-925606c55bc2f3f2f05c0fa58b953ad1.jpeg => /Users/acgpiano/github/imgcdn/qiniu/blogs/built/assets/img/contributors/kevinansfield-925606c55bc2f3f2f05c0fa58b953ad1.jpeg
2019/03/01 14:56:08.456 [I]  Download blogs/built/assets/icons/list-number.svg => /Users/acgpiano/github/imgcdn/qiniu/blogs/built/assets/icons/list-number.svg success +InfKB/s
2019/03/01 14:56:08.461 [I]  Downloading blogs/built/assets/img/contributors/kevinkucharczyk-3c7dfe2a103a83737b9d5ee8e19d67f8.jpeg => /Users/acgpiano/github/imgcdn/qiniu/blogs/built/assets/img/contributors/kevinkucharczyk-3c7dfe2a103a83737b9d5ee8e19d67f8.jpeg
2019/03/01 14:56:08.445 [I]  Download blogs/built/assets/icons/github.svg => /Users/acgpiano/github/imgcdn/qiniu/blogs/built/assets/icons/github.svg success +InfKB/s
2019/03/01 14:56:08.462 [I]  Downloading blogs/built/assets/img/contributors/kirrg001-79823418f2ca21e81719653f0286f95b.jpeg => /Users/acgpiano/github/imgcdn/qiniu/blogs/built/assets/img/contributors/kirrg001-79823418f2ca21e81719653f0286f95b.jpeg
2019/03/01 14:56:08.456 [I]  Download blogs/built/assets/icons/heart-beat.svg => /Users/acgpiano/github/imgcdn/qiniu/blogs/built/assets/icons/heart-beat.svg success +InfKB/s
2019/03/01 14:56:08.462 [I]  Downloading blogs/built/assets/img/contributors/mixonic-1ff87736dd02cfa080ae109b45131aa6.png => /Users/acgpiano/github/imgcdn/qiniu/blogs/built/assets/img/contributors/mixonic-1ff87736dd02cfa080ae109b45131aa6.png
2019/03/01 14:56:08.463 [I]  Download blogs/built/assets/icons/photos-people.svg => /Users/acgpiano/github/imgcdn/qiniu/blogs/built/assets/icons/photos-people.svg success +InfKB/s
2019/03/01 14:56:08.463 [I]  Downloading blogs/built/assets/img/contributors/rwjblue-5c7cc009cda45baca2d45f0d1ed19e48.jpeg => /Users/acgpiano/github/imgcdn/qiniu/blogs/built/assets/img/contributors/rwjblue-5c7cc009cda45baca2d45f0d1ed19e48.jpeg
2019/03/01 14:56:08.464 [I]  Download 2018-01-04/QQ20180104-0.png => /Users/acgpiano/github/imgcdn/qiniu/2018-01-04/QQ20180104-0.png success 61.92KB/s
2019/03/01 14:56:08.464 [I]  Downloading blogs/built/assets/img/contributors/sebgie-0fb02df00ee7834dbcc8beba84aec81e.png => /Users/acgpiano/github/imgcdn/qiniu/blogs/built/assets/img/contributors/sebgie-0fb02df00ee7834dbcc8beba84aec81e.png
2019/03/01 14:56:08.466 [I]  Download blogs/built/assets/icons/network.svg => /Users/acgpiano/github/imgcdn/qiniu/blogs/built/assets/icons/network.svg success +InfKB/s
2019/03/01 14:56:08.466 [I]  Downloading blogs/built/assets/img/contributors/tgriesser-d871cbf74a871c0fb6d855e76a893f7e.png => /Users/acgpiano/github/imgcdn/qiniu/blogs/built/assets/img/contributors/tgriesser-d871cbf74a871c0fb6d855e76a893f7e.png
2019/03/01 14:56:08.467 [I]  Download blogimages/o_1bf65e0bv1aab17391r391fdcf9or1493781905795 => /Users/acgpiano/github/imgcdn/qiniu/blogimages/o_1bf65e0bv1aab17391r391fdcf9or1493781905795 success 82.54KB/s
2019/03/01 14:56:08.467 [I]  Downloading blogs/built/assets/img/favicon.ico => /Users/acgpiano/github/imgcdn/qiniu/blogs/built/assets/img/favicon.ico
2019/03/01 14:56:08.467 [I]  Download 20171209/ee749290b8904f77f14af0810aef6259.jpg => /Users/acgpiano/github/imgcdn/qiniu/20171209/ee749290b8904f77f14af0810aef6259.jpg success 52.32KB/s
2019/03/01 14:56:08.467 [I]  Downloading blogs/built/assets/img/ghost-logo-5ef1d153e7d7bf7a0092c5a8c66205c7.png => /Users/acgpiano/github/imgcdn/qiniu/blogs/built/assets/img/ghost-logo-5ef1d153e7d7bf7a0092c5a8c66205c7.png
2019/03/01 14:56:08.467 [I]  Download blogs/built/assets/icons/news-article.svg => /Users/acgpiano/github/imgcdn/qiniu/blogs/built/assets/icons/news-article.svg success +InfKB/s
2019/03/01 14:56:08.455 [I]  Download blogs/built/assets/icons/satellite.svg => /Users/acgpiano/github/imgcdn/qiniu/blogs/built/assets/icons/satellite.svg success +InfKB/s
2019/03/01 14:56:08.468 [I]  Download blogs/built/assets/icons/lock2.svg => /Users/acgpiano/github/imgcdn/qiniu/blogs/built/assets/icons/lock2.svg success +InfKB/s
2019/03/01 14:56:08.469 [I]  Downloading blogs/built/assets/img/large-70a667d61d5176305f12c460e2d3c5a3.png => /Users/acgpiano/github/imgcdn/qiniu/blogs/built/assets/img/large-70a667d61d5176305f12c460e2d3c5a3.png
2019/03/01 14:56:08.468 [I]  Download bg.png => /Users/acgpiano/github/imgcdn/qiniu/bg.png success 96.17KB/s
2019/03/01 14:56:08.469 [I]  Downloading blogs/built/assets/img/loadingcat-5f501b7a8c7bd54b253463e261c99634.gif => /Users/acgpiano/github/imgcdn/qiniu/blogs/built/assets/img/loadingcat-5f501b7a8c7bd54b253463e261c99634.gif
2019/03/01 14:56:08.467 [I]  Download blogs/built/assets/icons/laptop.svg => /Users/acgpiano/github/imgcdn/qiniu/blogs/built/assets/icons/laptop.svg success +InfKB/s
2019/03/01 14:56:08.469 [I]  Downloading blogs/built/assets/img/medium-9a009f5d94762ca5d4de3b6f1ab1c1c0.png => /Users/acgpiano/github/imgcdn/qiniu/blogs/built/assets/img/medium-9a009f5d94762ca5d4de3b6f1ab1c1c0.png
2019/03/01 14:56:08.470 [I]  Download blogs/built/assets/icons/tag.svg => /Users/acgpiano/github/imgcdn/qiniu/blogs/built/assets/icons/tag.svg success +InfKB/s
2019/03/01 14:56:08.471 [I]  Downloading blogs/built/assets/img/slackicon-202e5894fe22e16be014e72b5f7785a1.png => /Users/acgpiano/github/imgcdn/qiniu/blogs/built/assets/img/slackicon-202e5894fe22e16be014e72b5f7785a1.png
2019/03/01 14:56:08.471 [I]  Download blogs/built/assets/icons/settings.svg => /Users/acgpiano/github/imgcdn/qiniu/blogs/built/assets/icons/settings.svg success +InfKB/s
2019/03/01 14:56:08.471 [I]  Downloading blogs/built/assets/img/small-d715adb9c331227f10b94291637d6e9f.png => /Users/acgpiano/github/imgcdn/qiniu/blogs/built/assets/img/small-d715adb9c331227f10b94291637d6e9f.png
2019/03/01 14:56:08.471 [I]  Download blogs/built/assets/icons/photos.svg => /Users/acgpiano/github/imgcdn/qiniu/blogs/built/assets/icons/photos.svg success +InfKB/s
2019/03/01 14:56:08.472 [I]  Downloading blogs/built/assets/img/touch-icon-ipad-8c8b6a3d9a005a24291d5cf101a3952d.png => /Users/acgpiano/github/imgcdn/qiniu/blogs/built/assets/img/touch-icon-ipad-8c8b6a3d9a005a24291d5cf101a3952d.png
2019/03/01 14:56:08.472 [I]  Download 2018-01-04/QQ20180104-1.png => /Users/acgpiano/github/imgcdn/qiniu/2018-01-04/QQ20180104-1.png success 55.79KB/s
2019/03/01 14:56:08.472 [I]  Downloading blogs/built/assets/img/touch-icon-iphone-a673b92b2332a8b23ee7a47c591ecfdf.png => /Users/acgpiano/github/imgcdn/qiniu/blogs/built/assets/img/touch-icon-iphone-a673b92b2332a8b23ee7a47c591ecfdf.png
2019/03/01 14:56:08.469 [I]  Downloading blogs/built/assets/img/install-welcome-3e448684378da60f50541b9c4ab7f33f.png => /Users/acgpiano/github/imgcdn/qiniu/blogs/built/assets/img/install-welcome-3e448684378da60f50541b9c4ab7f33f.png
2019/03/01 14:56:08.469 [I]  Downloading blogs/built/assets/img/invite-placeholder-84df7462f66fa7c29f8157d92f3bb6ae.png => /Users/acgpiano/github/imgcdn/qiniu/blogs/built/assets/img/invite-placeholder-84df7462f66fa7c29f8157d92f3bb6ae.png
2019/03/01 14:56:08.473 [I]  Download blogs/built/assets/icons/recycle.svg => /Users/acgpiano/github/imgcdn/qiniu/blogs/built/assets/icons/recycle.svg success +InfKB/s
2019/03/01 14:56:08.473 [I]  Downloading blogs/built/assets/img/unsplash-404-df22dda5bf190487c18a1d5df46cd57c.png => /Users/acgpiano/github/imgcdn/qiniu/blogs/built/assets/img/unsplash-404-df22dda5bf190487c18a1d5df46cd57c.png
2019/03/01 14:56:08.474 [I]  Download blogs/built/assets/icons/search.svg => /Users/acgpiano/github/imgcdn/qiniu/blogs/built/assets/icons/search.svg success +InfKB/s
2019/03/01 14:56:08.474 [I]  Downloading blogs/built/assets/img/unsplashicon-41217ed54fd914774b7a644b3773332c.png => /Users/acgpiano/github/imgcdn/qiniu/blogs/built/assets/img/unsplashicon-41217ed54fd914774b7a644b3773332c.png
2019/03/01 14:56:08.474 [I]  Download blogs/built/assets/icons/shield.svg => /Users/acgpiano/github/imgcdn/qiniu/blogs/built/assets/icons/shield.svg success +InfKB/s
2019/03/01 14:56:08.475 [I]  Downloading blogs/built/assets/img/user-cover-d1638613da797d1bf42a73829b0db30e.png => /Users/acgpiano/github/imgcdn/qiniu/blogs/built/assets/img/user-cover-d1638613da797d1bf42a73829b0db30e.png
2019/03/01 14:56:08.475 [I]  Download blogs/built/assets/icons/spinner.svg => /Users/acgpiano/github/imgcdn/qiniu/blogs/built/assets/icons/spinner.svg success +InfKB/s
2019/03/01 14:56:08.475 [I]  Downloading blogs/built/assets/img/user-image-65d227a8129d14e33028afcad784158f.png => /Users/acgpiano/github/imgcdn/qiniu/blogs/built/assets/img/user-image-65d227a8129d14e33028afcad784158f.png
2019/03/01 14:56:08.475 [I]  Download blogs/built/assets/icons/plus.svg => /Users/acgpiano/github/imgcdn/qiniu/blogs/built/assets/icons/plus.svg success +InfKB/s
2019/03/01 14:56:08.476 [I]  Downloading blogs/built/assets/img/users-62c43224a1127a52d2c49eb07fd2fd53.png => /Users/acgpiano/github/imgcdn/qiniu/blogs/built/assets/img/users-62c43224a1127a52d2c49eb07fd2fd53.png
2019/03/01 14:56:08.476 [I]  Download blogs/built/assets/icons/signout.svg => /Users/acgpiano/github/imgcdn/qiniu/blogs/built/assets/icons/signout.svg success +InfKB/s
2019/03/01 14:56:08.476 [I]  Downloading blogs/built/assets/vendor.min-ad2d2d82db2ea5f42ae2e5bab8e29648.js => /Users/acgpiano/github/imgcdn/qiniu/blogs/built/assets/vendor.min-ad2d2d82db2ea5f42ae2e5bab8e29648.js
2019/03/01 14:56:08.477 [I]  Download blogs/built/assets/icons/lock.svg => /Users/acgpiano/github/imgcdn/qiniu/blogs/built/assets/icons/lock.svg success +InfKB/s
2019/03/01 14:56:08.477 [I]  Downloading blogs/built/assets/vendor.min-ff12ebb6f1fd389c50553f2ebfc030aa.css => /Users/acgpiano/github/imgcdn/qiniu/blogs/built/assets/vendor.min-ff12ebb6f1fd389c50553f2ebfc030aa.css
2019/03/01 14:56:08.478 [I]  Download blogs/built/assets/icons/trash.svg => /Users/acgpiano/github/imgcdn/qiniu/blogs/built/assets/icons/trash.svg success +InfKB/s
2019/03/01 14:56:08.478 [I]  Downloading blogs/css/dependencies.css => /Users/acgpiano/github/imgcdn/qiniu/blogs/css/dependencies.css
2019/03/01 14:56:08.478 [I]  Download blogs/built/assets/icons/text-vector.svg => /Users/acgpiano/github/imgcdn/qiniu/blogs/built/assets/icons/text-vector.svg success +InfKB/s
2019/03/01 14:56:08.480 [I]  Downloading blogs/css/dependencies.css.map => /Users/acgpiano/github/imgcdn/qiniu/blogs/css/dependencies.css.map
2019/03/01 14:56:08.484 [I]  Download blogs/built/assets/icons/pencil-circle.svg => /Users/acgpiano/github/imgcdn/qiniu/blogs/built/assets/icons/pencil-circle.svg success +InfKB/s
2019/03/01 14:56:08.485 [I]  Downloading blogs/css/style.css => /Users/acgpiano/github/imgcdn/qiniu/blogs/css/style.css
2019/03/01 14:56:08.488 [I]  Download blogs/built/assets/icons/print.png => /Users/acgpiano/github/imgcdn/qiniu/blogs/built/assets/icons/print.png success +InfKB/s
2019/03/01 14:56:08.488 [I]  Downloading blogs/fonts/3Mz4hOHzs2npRMG3B1ascf0KIgDhPIHb_R-SWdtqte8.woff => /Users/acgpiano/github/imgcdn/qiniu/blogs/fonts/3Mz4hOHzs2npRMG3B1ascf0KIgDhPIHb_R-SWdtqte8.woff
2019/03/01 14:56:08.494 [I]  Download blogs/built/assets/icons/sync.svg => /Users/acgpiano/github/imgcdn/qiniu/blogs/built/assets/icons/sync.svg success +InfKB/s
2019/03/01 14:56:08.494 [I]  Downloading blogs/fonts/6LmGj5dOJopQKEkt88GowQfd-b-I5PxxcmB4_-MNcqw.woff => /Users/acgpiano/github/imgcdn/qiniu/blogs/fonts/6LmGj5dOJopQKEkt88GowQfd-b-I5PxxcmB4_-MNcqw.woff
2019/03/01 14:56:08.498 [I]  Download 2018-01-04/QQ20180104-170745.png => /Users/acgpiano/github/imgcdn/qiniu/2018-01-04/QQ20180104-170745.png success 82.22KB/s
2019/03/01 14:56:08.498 [I]  Downloading blogs/fonts/6LmGj5dOJopQKEkt88GowWT7sFQ1Iz1BbpcuCPlgc9Q.woff => /Users/acgpiano/github/imgcdn/qiniu/blogs/fonts/6LmGj5dOJopQKEkt88GowWT7sFQ1Iz1BbpcuCPlgc9Q.woff
2019/03/01 14:56:08.499 [I]  Download blogs/built/assets/icons/trophy.svg => /Users/acgpiano/github/imgcdn/qiniu/blogs/built/assets/icons/trophy.svg success +InfKB/s
2019/03/01 14:56:08.499 [I]  Download blogs/built/assets/icons/paint-palette.svg => /Users/acgpiano/github/imgcdn/qiniu/blogs/built/assets/icons/paint-palette.svg success +InfKB/s
2019/03/01 14:56:08.499 [I]  Downloading blogs/fonts/AIed271kqQlcIRSOnQH0yTqR_3kx9_hJXbbyU8S6IN0.woff => /Users/acgpiano/github/imgcdn/qiniu/blogs/fonts/AIed271kqQlcIRSOnQH0yTqR_3kx9_hJXbbyU8S6IN0.woff
2019/03/01 14:56:08.499 [I]  Downloading blogs/fonts/6LmGj5dOJopQKEkt88GowY_zIojJi0m4a5Z6tRh6itY.woff => /Users/acgpiano/github/imgcdn/qiniu/blogs/fonts/6LmGj5dOJopQKEkt88GowY_zIojJi0m4a5Z6tRh6itY.woff
2019/03/01 14:56:08.503 [I]  Download 20171208/color-eye-love-maconha-favim-com-803200.jpg => /Users/acgpiano/github/imgcdn/qiniu/20171208/color-eye-love-maconha-favim-com-803200.jpg success 67.54KB/s
2019/03/01 14:56:08.503 [I]  Downloading blogs/fonts/AKu1CjQ4qnV8MUltkAX3sL2aU247V0zTzydO4RoO9Ok.woff => /Users/acgpiano/github/imgcdn/qiniu/blogs/fonts/AKu1CjQ4qnV8MUltkAX3sL2aU247V0zTzydO4RoO9Ok.woff
2019/03/01 14:56:08.520 [I]  Download blogs/built/assets/icons/ticket.svg => /Users/acgpiano/github/imgcdn/qiniu/blogs/built/assets/icons/ticket.svg success +InfKB/s
2019/03/01 14:56:08.520 [I]  Downloading blogs/fonts/BjAYBlHtW3CJxDcjzrnZCIbN6UDyHWBl620a-IRfuBk.woff => /Users/acgpiano/github/imgcdn/qiniu/blogs/fonts/BjAYBlHtW3CJxDcjzrnZCIbN6UDyHWBl620a-IRfuBk.woff
2019/03/01 14:56:08.530 [I]  Download blogs/built/assets/icons/text.svg => /Users/acgpiano/github/imgcdn/qiniu/blogs/built/assets/icons/text.svg success +InfKB/s
2019/03/01 14:56:08.531 [I]  Downloading blogs/fonts/FZJT_Xian.woff => /Users/acgpiano/github/imgcdn/qiniu/blogs/fonts/FZJT_Xian.woff
2019/03/01 14:56:08.541 [I]  Download blogs/built/assets/icons/unsplash.svg => /Users/acgpiano/github/imgcdn/qiniu/blogs/built/assets/icons/unsplash.svg success +InfKB/s
2019/03/01 14:56:08.542 [I]  Downloading blogs/fonts/icons.eot => /Users/acgpiano/github/imgcdn/qiniu/blogs/fonts/icons.eot
2019/03/01 14:56:08.544 [I]  Download blogs/built/assets/icons/terminal.svg => /Users/acgpiano/github/imgcdn/qiniu/blogs/built/assets/icons/terminal.svg success +InfKB/s
2019/03/01 14:56:08.544 [I]  Downloading blogs/fonts/icons.svg => /Users/acgpiano/github/imgcdn/qiniu/blogs/fonts/icons.svg
2019/03/01 14:56:08.552 [I]  Download 2018-01-04/QQ20180104-8.png => /Users/acgpiano/github/imgcdn/qiniu/2018-01-04/QQ20180104-8.png success 85.77KB/s
2019/03/01 14:56:08.552 [I]  Downloading blogs/fonts/icons.ttf => /Users/acgpiano/github/imgcdn/qiniu/blogs/fonts/icons.ttf
2019/03/01 14:56:08.553 [I]  Download 2018-01-04/QQ20180104-170814.png => /Users/acgpiano/github/imgcdn/qiniu/2018-01-04/QQ20180104-170814.png success 93.40KB/s
2019/03/01 14:56:08.553 [I]  Downloading blogs/fonts/icons.woff => /Users/acgpiano/github/imgcdn/qiniu/blogs/fonts/icons.woff
2019/03/01 14:56:08.561 [I]  Download blogs/built/assets/icons/arrow-up-small.svg => /Users/acgpiano/github/imgcdn/qiniu/blogs/built/assets/icons/arrow-up-small.svg success 0.70KB/s
2019/03/01 14:56:08.561 [I]  Downloading blogs/fonts/icons.woff2 => /Users/acgpiano/github/imgcdn/qiniu/blogs/fonts/icons.woff2
2019/03/01 14:56:08.563 [I]  Download blogs/built/assets/ghost.min-2fac9bb0406fefc9215b8fe3f9e2a7ec.js => /Users/acgpiano/github/imgcdn/qiniu/blogs/built/assets/ghost.min-2fac9bb0406fefc9215b8fe3f9e2a7ec.js success 800.71KB/s
2019/03/01 14:56:08.563 [I]  Downloading blogs/fonts/nAqt4hiqwq3tzCecpgPmVX9UU5BmOJGkLxUCVv5VXdc.woff => /Users/acgpiano/github/imgcdn/qiniu/blogs/fonts/nAqt4hiqwq3tzCecpgPmVX9UU5BmOJGkLxUCVv5VXdc.woff
2019/03/01 14:56:08.563 [I]  Download 2018-01-04/QQ20180104-170730.png => /Users/acgpiano/github/imgcdn/qiniu/2018-01-04/QQ20180104-170730.png success 79.69KB/s
2019/03/01 14:56:08.564 [I]  Downloading blogs/fonts/nAqt4hiqwq3tzCecpgPmVYM8pfYvjMoOxygpzLVILAs.woff => /Users/acgpiano/github/imgcdn/qiniu/blogs/fonts/nAqt4hiqwq3tzCecpgPmVYM8pfYvjMoOxygpzLVILAs.woff
2019/03/01 14:56:08.566 [I]  Download blogs/built/assets/icons/support.svg => /Users/acgpiano/github/imgcdn/qiniu/blogs/built/assets/icons/support.svg success +InfKB/s
2019/03/01 14:56:08.566 [I]  Downloading blogs/js/dependencies.js => /Users/acgpiano/github/imgcdn/qiniu/blogs/js/dependencies.js
2019/03/01 14:56:08.567 [I]  Download blogs/built/assets/img/contributors/GeorginaLusby-6cea5defddee3c4ea7320e580521e832.jpeg => /Users/acgpiano/github/imgcdn/qiniu/blogs/built/assets/img/contributors/GeorginaLusby-6cea5defddee3c4ea7320e580521e832.jpeg success +InfKB/s
2019/03/01 14:56:08.567 [I]  Downloading blogs/js/script.js => /Users/acgpiano/github/imgcdn/qiniu/blogs/js/script.js
2019/03/01 14:56:08.575 [I]  Download blogs/built/assets/icons/window-app.svg => /Users/acgpiano/github/imgcdn/qiniu/blogs/built/assets/icons/window-app.svg success +InfKB/s
2019/03/01 14:56:08.576 [I]  Downloading bundle/.DS_Store => /Users/acgpiano/github/imgcdn/qiniu/bundle/.DS_Store
2019/03/01 14:56:08.582 [I]  Download blogs/built/assets/icons/unsplash-heart.svg => /Users/acgpiano/github/imgcdn/qiniu/blogs/built/assets/icons/unsplash-heart.svg success +InfKB/s
2019/03/01 14:56:08.582 [I]  Downloading bundle/css/font-awesome.css => /Users/acgpiano/github/imgcdn/qiniu/bundle/css/font-awesome.css
2019/03/01 14:56:08.585 [I]  Download 20171209/wallhaven-435722.jpg => /Users/acgpiano/github/imgcdn/qiniu/20171209/wallhaven-435722.jpg success 68.32KB/s
2019/03/01 14:56:08.585 [I]  Downloading bundle/css/font-awesome.min.css => /Users/acgpiano/github/imgcdn/qiniu/bundle/css/font-awesome.min.css
2019/03/01 14:56:08.587 [I]  Download blogs/built/assets/icons/user-group2.svg => /Users/acgpiano/github/imgcdn/qiniu/blogs/built/assets/icons/user-group2.svg success +InfKB/s
2019/03/01 14:56:08.587 [I]  Downloading bundle/css/grids-responsive-min.css => /Users/acgpiano/github/imgcdn/qiniu/bundle/css/grids-responsive-min.css
2019/03/01 14:56:08.587 [I]  Download blogs/built/assets/img/contributors/acburdine-d9777fe2601dc215afb6723315829c89.jpeg => /Users/acgpiano/github/imgcdn/qiniu/blogs/built/assets/img/contributors/acburdine-d9777fe2601dc215afb6723315829c89.jpeg success +InfKB/s
2019/03/01 14:56:08.588 [I]  Downloading bundle/fonts/FontAwesome.otf => /Users/acgpiano/github/imgcdn/qiniu/bundle/fonts/FontAwesome.otf
2019/03/01 14:56:08.589 [I]  Download blogs/built/assets/icons/wrench-double.svg => /Users/acgpiano/github/imgcdn/qiniu/blogs/built/assets/icons/wrench-double.svg success +InfKB/s
2019/03/01 14:56:08.589 [I]  Downloading bundle/fonts/fontawesome-webfont.eot => /Users/acgpiano/github/imgcdn/qiniu/bundle/fonts/fontawesome-webfont.eot
2019/03/01 14:56:08.590 [I]  Download blogs/built/assets/icons/window-pulse.svg => /Users/acgpiano/github/imgcdn/qiniu/blogs/built/assets/icons/window-pulse.svg success +InfKB/s
2019/03/01 14:56:08.590 [I]  Downloading bundle/fonts/fontawesome-webfont.svg => /Users/acgpiano/github/imgcdn/qiniu/bundle/fonts/fontawesome-webfont.svg
2019/03/01 14:56:08.591 [I]  Download blogs/built/assets/img/contributors/AileenCGN-bf8b9ffbb34c0fd93beb8136af07771b.jpeg => /Users/acgpiano/github/imgcdn/qiniu/blogs/built/assets/img/contributors/AileenCGN-bf8b9ffbb34c0fd93beb8136af07771b.jpeg success +InfKB/s
2019/03/01 14:56:08.591 [I]  Downloading bundle/fonts/fontawesome-webfont.ttf => /Users/acgpiano/github/imgcdn/qiniu/bundle/fonts/fontawesome-webfont.ttf
2019/03/01 14:56:08.592 [I]  Download blogs/built/assets/img/404-ghost-651b3fdcf3b50d842e14183baee4de38.png => /Users/acgpiano/github/imgcdn/qiniu/blogs/built/assets/img/404-ghost-651b3fdcf3b50d842e14183baee4de38.png success +InfKB/s
2019/03/01 14:56:08.592 [I]  Downloading bundle/fonts/fontawesome-webfont.woff => /Users/acgpiano/github/imgcdn/qiniu/bundle/fonts/fontawesome-webfont.woff
2019/03/01 14:56:08.592 [I]  Download blogs/built/assets/img/404-ghost@2x-ebb9fb38ad8ffff4c3f23500f4583fb8.png => /Users/acgpiano/github/imgcdn/qiniu/blogs/built/assets/img/404-ghost@2x-ebb9fb38ad8ffff4c3f23500f4583fb8.png success +InfKB/s
2019/03/01 14:56:08.593 [I]  Downloading bundle/fonts/fontawesome-webfont.woff2 => /Users/acgpiano/github/imgcdn/qiniu/bundle/fonts/fontawesome-webfont.woff2
2019/03/01 14:56:08.595 [I]  Download blogs/built/assets/img/contributors/halfdan-00d6783e5fba2900ee1380939297d8ee.jpeg => /Users/acgpiano/github/imgcdn/qiniu/blogs/built/assets/img/contributors/halfdan-00d6783e5fba2900ee1380939297d8ee.jpeg success +InfKB/s
2019/03/01 14:56:08.595 [I]  Downloading bundle/images/.DS_Store => /Users/acgpiano/github/imgcdn/qiniu/bundle/images/.DS_Store
2019/03/01 14:56:08.597 [I]  Download blogs/built/assets/icons/zap.svg => /Users/acgpiano/github/imgcdn/qiniu/blogs/built/assets/icons/zap.svg success +InfKB/s
2019/03/01 14:56:08.597 [I]  Downloading bundle/images/blog-bg-lg.jpg => /Users/acgpiano/github/imgcdn/qiniu/bundle/images/blog-bg-lg.jpg
2019/03/01 14:56:08.600 [I]  Download blogs/built/assets/img/contributors/ErisDS-c958ccb9e3597320dee745a42f478569.jpeg => /Users/acgpiano/github/imgcdn/qiniu/blogs/built/assets/img/contributors/ErisDS-c958ccb9e3597320dee745a42f478569.jpeg success +InfKB/s
2019/03/01 14:56:08.601 [I]  Downloading bundle/images/blog-bg.jpg => /Users/acgpiano/github/imgcdn/qiniu/bundle/images/blog-bg.jpg
2019/03/01 14:56:08.601 [I]  Download blogs/built/assets/icons/plane.svg => /Users/acgpiano/github/imgcdn/qiniu/blogs/built/assets/icons/plane.svg success +InfKB/s
2019/03/01 14:56:08.601 [I]  Downloading bundle/images/favicon.ico => /Users/acgpiano/github/imgcdn/qiniu/bundle/images/favicon.ico
2019/03/01 14:56:08.605 [I]  Download blogs/built/assets/img/contributors/dbalders-452347a406c2ca23657daea9100878f3.jpeg => /Users/acgpiano/github/imgcdn/qiniu/blogs/built/assets/img/contributors/dbalders-452347a406c2ca23657daea9100878f3.jpeg success +InfKB/s
2019/03/01 14:56:08.606 [I]  Downloading bundle/images/icon.png => /Users/acgpiano/github/imgcdn/qiniu/bundle/images/icon.png
2019/03/01 14:56:08.606 [I]  Download blogs/built/assets/icons/server.svg => /Users/acgpiano/github/imgcdn/qiniu/blogs/built/assets/icons/server.svg success +InfKB/s
2019/03/01 14:56:08.607 [I]  Downloading bundle/images/main-bg.jpg => /Users/acgpiano/github/imgcdn/qiniu/bundle/images/main-bg.jpg
2019/03/01 14:56:08.607 [I]  Download blogs/built/assets/icons/hotspot.svg => /Users/acgpiano/github/imgcdn/qiniu/blogs/built/assets/icons/hotspot.svg success +InfKB/s
2019/03/01 14:56:08.607 [I]  Download blogs/built/assets/img/ampicon-5ce435966fd374ee1bbb9d6df810da6a.png => /Users/acgpiano/github/imgcdn/qiniu/blogs/built/assets/img/ampicon-5ce435966fd374ee1bbb9d6df810da6a.png success +InfKB/s
2019/03/01 14:56:08.607 [I]  Downloading bundle/images/passport/alipay.png => /Users/acgpiano/github/imgcdn/qiniu/bundle/images/passport/alipay.png
2019/03/01 14:56:08.607 [I]  Downloading bundle/images/passport/arrow-right.png => /Users/acgpiano/github/imgcdn/qiniu/bundle/images/passport/arrow-right.png
2019/03/01 14:56:08.611 [I]  Download blogs/built/assets/icons/mobile-phone-heart.svg => /Users/acgpiano/github/imgcdn/qiniu/blogs/built/assets/icons/mobile-phone-heart.svg success +InfKB/s
2019/03/01 14:56:08.611 [I]  Download blogs/built/assets/img/contributors/cobbspur-07ded67009757d12517621fc856eba62.jpeg => /Users/acgpiano/github/imgcdn/qiniu/blogs/built/assets/img/contributors/cobbspur-07ded67009757d12517621fc856eba62.jpeg success +InfKB/s
2019/03/01 14:56:08.611 [I]  Downloading bundle/images/passport/clear-input.png => /Users/acgpiano/github/imgcdn/qiniu/bundle/images/passport/clear-input.png
2019/03/01 14:56:08.611 [I]  Downloading bundle/images/passport/eye-close.png => /Users/acgpiano/github/imgcdn/qiniu/bundle/images/passport/eye-close.png
2019/03/01 14:56:08.613 [I]  Download blogs/built/assets/img/contributors/frantzypants-637b03f85dff89700a661fde79daea5c.jpeg => /Users/acgpiano/github/imgcdn/qiniu/blogs/built/assets/img/contributors/frantzypants-637b03f85dff89700a661fde79daea5c.jpeg success +InfKB/s
2019/03/01 14:56:08.613 [I]  Downloading bundle/images/passport/eye.png => /Users/acgpiano/github/imgcdn/qiniu/bundle/images/passport/eye.png
2019/03/01 14:56:08.613 [I]  Download blogs/built/assets/img/contributors/kevinansfield-925606c55bc2f3f2f05c0fa58b953ad1.jpeg => /Users/acgpiano/github/imgcdn/qiniu/blogs/built/assets/img/contributors/kevinansfield-925606c55bc2f3f2f05c0fa58b953ad1.jpeg success +InfKB/s
2019/03/01 14:56:08.613 [I]  Downloading bundle/images/passport/facebook.png => /Users/acgpiano/github/imgcdn/qiniu/bundle/images/passport/facebook.png
2019/03/01 14:56:08.618 [I]  Download blogs/built/assets/img/contributors/rwjblue-5c7cc009cda45baca2d45f0d1ed19e48.jpeg => /Users/acgpiano/github/imgcdn/qiniu/blogs/built/assets/img/contributors/rwjblue-5c7cc009cda45baca2d45f0d1ed19e48.jpeg success +InfKB/s
2019/03/01 14:56:08.618 [I]  Downloading bundle/images/passport/fb.png => /Users/acgpiano/github/imgcdn/qiniu/bundle/images/passport/fb.png
2019/03/01 14:56:08.622 [I]  Download blogs/built/assets/img/contributors/felixrieseberg-ecf29e8eadc58fab999c507049f898cf.jpeg => /Users/acgpiano/github/imgcdn/qiniu/blogs/built/assets/img/contributors/felixrieseberg-ecf29e8eadc58fab999c507049f898cf.jpeg success +InfKB/s
2019/03/01 14:56:08.622 [I]  Downloading bundle/images/passport/go-back.png => /Users/acgpiano/github/imgcdn/qiniu/bundle/images/passport/go-back.png
2019/03/01 14:56:08.625 [I]  Download blogs/built/assets/img/large-70a667d61d5176305f12c460e2d3c5a3.png => /Users/acgpiano/github/imgcdn/qiniu/blogs/built/assets/img/large-70a667d61d5176305f12c460e2d3c5a3.png success +InfKB/s
2019/03/01 14:56:08.625 [I]  Downloading bundle/images/passport/info.png => /Users/acgpiano/github/imgcdn/qiniu/bundle/images/passport/info.png
2019/03/01 14:56:08.626 [I]  Download blogs/built/assets/img/contributors/bnookala-5896fcdd2f477495323e420efe890657.jpeg => /Users/acgpiano/github/imgcdn/qiniu/blogs/built/assets/img/contributors/bnookala-5896fcdd2f477495323e420efe890657.jpeg success +InfKB/s
2019/03/01 14:56:08.626 [I]  Downloading bundle/images/passport/qq.png => /Users/acgpiano/github/imgcdn/qiniu/bundle/images/passport/qq.png
2019/03/01 14:56:08.629 [I]  Download blogs/built/assets/img/contributors/sebgie-0fb02df00ee7834dbcc8beba84aec81e.png => /Users/acgpiano/github/imgcdn/qiniu/blogs/built/assets/img/contributors/sebgie-0fb02df00ee7834dbcc8beba84aec81e.png success +InfKB/s
2019/03/01 14:56:08.629 [I]  Downloading bundle/images/passport/success.png => /Users/acgpiano/github/imgcdn/qiniu/bundle/images/passport/success.png
2019/03/01 14:56:08.630 [I]  Download blogs/css/dependencies.css => /Users/acgpiano/github/imgcdn/qiniu/blogs/css/dependencies.css success +InfKB/s
2019/03/01 14:56:08.630 [I]  Downloading bundle/images/passport/wechat.png => /Users/acgpiano/github/imgcdn/qiniu/bundle/images/passport/wechat.png
2019/03/01 14:56:08.631 [I]  Download blogs/built/assets/img/contributors/mixonic-1ff87736dd02cfa080ae109b45131aa6.png => /Users/acgpiano/github/imgcdn/qiniu/blogs/built/assets/img/contributors/mixonic-1ff87736dd02cfa080ae109b45131aa6.png success +InfKB/s
2019/03/01 14:56:08.632 [I]  Downloading bundle/images/passport/weibo.png => /Users/acgpiano/github/imgcdn/qiniu/bundle/images/passport/weibo.png
2019/03/01 14:56:08.636 [I]  Download blogs/built/assets/img/unsplashicon-41217ed54fd914774b7a644b3773332c.png => /Users/acgpiano/github/imgcdn/qiniu/blogs/built/assets/img/unsplashicon-41217ed54fd914774b7a644b3773332c.png success +InfKB/s
2019/03/01 14:56:08.636 [I]  Downloading bundle/images/passport/weixin.png => /Users/acgpiano/github/imgcdn/qiniu/bundle/images/passport/weixin.png
2019/03/01 14:56:08.636 [I]  Download blogs/built/assets/img/invite-placeholder-84df7462f66fa7c29f8157d92f3bb6ae.png => /Users/acgpiano/github/imgcdn/qiniu/blogs/built/assets/img/invite-placeholder-84df7462f66fa7c29f8157d92f3bb6ae.png success +InfKB/s
2019/03/01 14:56:08.636 [I]  Downloading bundle/images/passport/yoho-family.png => /Users/acgpiano/github/imgcdn/qiniu/bundle/images/passport/yoho-family.png
2019/03/01 14:56:08.641 [I]  Download blogs/built/assets/icons/user-group.svg => /Users/acgpiano/github/imgcdn/qiniu/blogs/built/assets/icons/user-group.svg success +InfKB/s
2019/03/01 14:56:08.641 [I]  Downloading bundle/images/passport/yoho.png => /Users/acgpiano/github/imgcdn/qiniu/bundle/images/passport/yoho.png
2019/03/01 14:56:08.648 [I]  Download blogs/built/assets/img/slackicon-202e5894fe22e16be014e72b5f7785a1.png => /Users/acgpiano/github/imgcdn/qiniu/blogs/built/assets/img/slackicon-202e5894fe22e16be014e72b5f7785a1.png success +InfKB/s
2019/03/01 14:56:08.648 [I]  Downloading bundle/scripts/blog.blog.js => /Users/acgpiano/github/imgcdn/qiniu/bundle/scripts/blog.blog.js
2019/03/01 14:56:08.652 [I]  Download blogs/built/assets/img/medium-9a009f5d94762ca5d4de3b6f1ab1c1c0.png => /Users/acgpiano/github/imgcdn/qiniu/blogs/built/assets/img/medium-9a009f5d94762ca5d4de3b6f1ab1c1c0.png success +InfKB/s
2019/03/01 14:56:08.652 [I]  Downloading bundle/scripts/blog.index.js => /Users/acgpiano/github/imgcdn/qiniu/bundle/scripts/blog.index.js
2019/03/01 14:56:08.657 [I]  Download blogs/built/assets/img/contributors/JohnONolan-47041b80c35c6341b9b929b03139aecc.jpeg => /Users/acgpiano/github/imgcdn/qiniu/blogs/built/assets/img/contributors/JohnONolan-47041b80c35c6341b9b929b03139aecc.jpeg success +InfKB/s
2019/03/01 14:56:08.658 [I]  Downloading bundle/scripts/blog.login.js => /Users/acgpiano/github/imgcdn/qiniu/bundle/scripts/blog.login.js
2019/03/01 14:56:08.664 [I]  Download blogs/built/assets/img/touch-icon-iphone-a673b92b2332a8b23ee7a47c591ecfdf.png => /Users/acgpiano/github/imgcdn/qiniu/blogs/built/assets/img/touch-icon-iphone-a673b92b2332a8b23ee7a47c591ecfdf.png success +InfKB/s
2019/03/01 14:56:08.664 [I]  Downloading bundle/scripts/blog.manage.js => /Users/acgpiano/github/imgcdn/qiniu/bundle/scripts/blog.manage.js
2019/03/01 14:56:08.664 [I]  Download blogs/built/assets/img/contributors/tgriesser-d871cbf74a871c0fb6d855e76a893f7e.png => /Users/acgpiano/github/imgcdn/qiniu/blogs/built/assets/img/contributors/tgriesser-d871cbf74a871c0fb6d855e76a893f7e.png success +InfKB/s
2019/03/01 14:56:08.664 [I]  Downloading bundle/scripts/chatroom.chat.js => /Users/acgpiano/github/imgcdn/qiniu/bundle/scripts/chatroom.chat.js
2019/03/01 14:56:08.674 [I]  Download blogs/built/assets/img/contributors/kevinkucharczyk-3c7dfe2a103a83737b9d5ee8e19d67f8.jpeg => /Users/acgpiano/github/imgcdn/qiniu/blogs/built/assets/img/contributors/kevinkucharczyk-3c7dfe2a103a83737b9d5ee8e19d67f8.jpeg success +InfKB/s
2019/03/01 14:56:08.674 [I]  Downloading bundle/scripts/chatroom.login.js => /Users/acgpiano/github/imgcdn/qiniu/bundle/scripts/chatroom.login.js
2019/03/01 14:56:08.676 [I]  Download blogs/built/assets/img/small-d715adb9c331227f10b94291637d6e9f.png => /Users/acgpiano/github/imgcdn/qiniu/blogs/built/assets/img/small-d715adb9c331227f10b94291637d6e9f.png success +InfKB/s
2019/03/01 14:56:08.677 [I]  Downloading bundle/styles/blog.blog.css => /Users/acgpiano/github/imgcdn/qiniu/bundle/styles/blog.blog.css
2019/03/01 14:56:08.681 [I]  Download blogs/css/dependencies.css.map => /Users/acgpiano/github/imgcdn/qiniu/blogs/css/dependencies.css.map success +InfKB/s
2019/03/01 14:56:08.682 [I]  Downloading bundle/styles/blog.index.css => /Users/acgpiano/github/imgcdn/qiniu/bundle/styles/blog.index.css
2019/03/01 14:56:08.682 [I]  Download blogs/built/assets/icons/twitter.svg => /Users/acgpiano/github/imgcdn/qiniu/blogs/built/assets/icons/twitter.svg success +InfKB/s
2019/03/01 14:56:08.682 [I]  Downloading bundle/styles/blog.login.css => /Users/acgpiano/github/imgcdn/qiniu/bundle/styles/blog.login.css
2019/03/01 14:56:08.686 [I]  Download blogs/built/assets/img/contributors/jaswilli-8cc9a8d2539ca03239d113dfb25ff5c2.jpeg => /Users/acgpiano/github/imgcdn/qiniu/blogs/built/assets/img/contributors/jaswilli-8cc9a8d2539ca03239d113dfb25ff5c2.jpeg success +InfKB/s
2019/03/01 14:56:08.686 [I]  Downloading bundle/styles/blog.manage.css => /Users/acgpiano/github/imgcdn/qiniu/bundle/styles/blog.manage.css
2019/03/01 14:56:08.687 [I]  Download acgmusic/images/not-tomorrow.jpg => /Users/acgpiano/github/imgcdn/qiniu/acgmusic/images/not-tomorrow.jpg success 92.36KB/s
2019/03/01 14:56:08.687 [I]  Downloading bundle/styles/chatroom.chat.css => /Users/acgpiano/github/imgcdn/qiniu/bundle/styles/chatroom.chat.css
2019/03/01 14:56:08.692 [I]  Download blogs/built/assets/img/loadingcat-5f501b7a8c7bd54b253463e261c99634.gif => /Users/acgpiano/github/imgcdn/qiniu/blogs/built/assets/img/loadingcat-5f501b7a8c7bd54b253463e261c99634.gif success +InfKB/s
2019/03/01 14:56:08.692 [I]  Downloading bundle/styles/chatroom.login.css => /Users/acgpiano/github/imgcdn/qiniu/bundle/styles/chatroom.login.css
2019/03/01 14:56:08.698 [I]  Download blogs/fonts/icons.woff => /Users/acgpiano/github/imgcdn/qiniu/blogs/fonts/icons.woff success +InfKB/s
2019/03/01 14:56:08.698 [I]  Downloading exmail/index.css => /Users/acgpiano/github/imgcdn/qiniu/exmail/index.css
2019/03/01 14:56:08.706 [I]  Download blogs/built/assets/img/unsplash-404-df22dda5bf190487c18a1d5df46cd57c.png => /Users/acgpiano/github/imgcdn/qiniu/blogs/built/assets/img/unsplash-404-df22dda5bf190487c18a1d5df46cd57c.png success +InfKB/s
2019/03/01 14:56:08.706 [I]  Downloading exmail/index.js => /Users/acgpiano/github/imgcdn/qiniu/exmail/index.js
2019/03/01 14:56:08.709 [I]  Download blogs/built/assets/img/user-cover-d1638613da797d1bf42a73829b0db30e.png => /Users/acgpiano/github/imgcdn/qiniu/blogs/built/assets/img/user-cover-d1638613da797d1bf42a73829b0db30e.png success +InfKB/s
2019/03/01 14:56:08.710 [I]  Downloading jquery-3.2.1.min.js => /Users/acgpiano/github/imgcdn/qiniu/jquery-3.2.1.min.js
2019/03/01 14:56:08.711 [I]  Download blogs/fonts/icons.svg => /Users/acgpiano/github/imgcdn/qiniu/blogs/fonts/icons.svg success +InfKB/s
2019/03/01 14:56:08.712 [I]  Downloading keyboardlc.png => /Users/acgpiano/github/imgcdn/qiniu/keyboardlc.png
2019/03/01 14:56:08.712 [I]  Download blogs/built/assets/vendor.min-ff12ebb6f1fd389c50553f2ebfc030aa.css => /Users/acgpiano/github/imgcdn/qiniu/blogs/built/assets/vendor.min-ff12ebb6f1fd389c50553f2ebfc030aa.css success +InfKB/s
2019/03/01 14:56:08.712 [I]  Downloading logo.png => /Users/acgpiano/github/imgcdn/qiniu/logo.png
2019/03/01 14:56:08.718 [I]  Download blogs/css/style.css => /Users/acgpiano/github/imgcdn/qiniu/blogs/css/style.css success +InfKB/s
2019/03/01 14:56:08.719 [I]  Downloading loveletter/IMG_0526.JPG => /Users/acgpiano/github/imgcdn/qiniu/loveletter/IMG_0526.JPG
2019/03/01 14:56:08.722 [I]  Download blogs/fonts/6LmGj5dOJopQKEkt88GowY_zIojJi0m4a5Z6tRh6itY.woff => /Users/acgpiano/github/imgcdn/qiniu/blogs/fonts/6LmGj5dOJopQKEkt88GowY_zIojJi0m4a5Z6tRh6itY.woff success +InfKB/s
2019/03/01 14:56:08.722 [I]  Downloading loveletter/IMG_0530.JPG => /Users/acgpiano/github/imgcdn/qiniu/loveletter/IMG_0530.JPG
2019/03/01 14:56:08.726 [I]  Download blogs/built/assets/icons/user-circle.svg => /Users/acgpiano/github/imgcdn/qiniu/blogs/built/assets/icons/user-circle.svg success +InfKB/s
2019/03/01 14:56:08.726 [I]  Downloading loveletter/bg.jpeg => /Users/acgpiano/github/imgcdn/qiniu/loveletter/bg.jpeg
2019/03/01 14:56:08.728 [I]  Download blogs/js/script.js => /Users/acgpiano/github/imgcdn/qiniu/blogs/js/script.js success +InfKB/s
2019/03/01 14:56:08.728 [I]  Downloading loveletter/bundle.js => /Users/acgpiano/github/imgcdn/qiniu/loveletter/bundle.js
2019/03/01 14:56:08.734 [I]  Download blogs/fonts/icons.woff2 => /Users/acgpiano/github/imgcdn/qiniu/blogs/fonts/icons.woff2 success +InfKB/s
2019/03/01 14:56:08.734 [I]  Downloading loveletter/icon.png => /Users/acgpiano/github/imgcdn/qiniu/loveletter/icon.png
2019/03/01 14:56:08.736 [I]  Download blogs/fonts/icons.ttf => /Users/acgpiano/github/imgcdn/qiniu/blogs/fonts/icons.ttf success +InfKB/s
2019/03/01 14:56:08.736 [I]  Downloading loveletter/offer.png => /Users/acgpiano/github/imgcdn/qiniu/loveletter/offer.png
2019/03/01 14:56:08.739 [I]  Download bundle/css/font-awesome.min.css => /Users/acgpiano/github/imgcdn/qiniu/bundle/css/font-awesome.min.css success +InfKB/s
2019/03/01 14:56:08.739 [I]  Downloading loveletter/qq1.png => /Users/acgpiano/github/imgcdn/qiniu/loveletter/qq1.png
2019/03/01 14:56:08.742 [I]  Download bundle/images/passport/clear-input.png => /Users/acgpiano/github/imgcdn/qiniu/bundle/images/passport/clear-input.png success +InfKB/s
2019/03/01 14:56:08.742 [I]  Download blogs/fonts/3Mz4hOHzs2npRMG3B1ascf0KIgDhPIHb_R-SWdtqte8.woff => /Users/acgpiano/github/imgcdn/qiniu/blogs/fonts/3Mz4hOHzs2npRMG3B1ascf0KIgDhPIHb_R-SWdtqte8.woff success +InfKB/s
2019/03/01 14:56:08.742 [I]  Downloading magicare-login.css => /Users/acgpiano/github/imgcdn/qiniu/magicare-login.css
2019/03/01 14:56:08.742 [I]  Downloading magicare.eot => /Users/acgpiano/github/imgcdn/qiniu/magicare.eot
2019/03/01 14:56:08.745 [I]  Download bundle/.DS_Store => /Users/acgpiano/github/imgcdn/qiniu/bundle/.DS_Store success +InfKB/s
2019/03/01 14:56:08.745 [I]  Downloading magicare.svg => /Users/acgpiano/github/imgcdn/qiniu/magicare.svg
2019/03/01 14:56:08.750 [I]  Download bundle/images/passport/go-back.png => /Users/acgpiano/github/imgcdn/qiniu/bundle/images/passport/go-back.png success +InfKB/s
2019/03/01 14:56:08.750 [I]  Downloading magicare.ttf => /Users/acgpiano/github/imgcdn/qiniu/magicare.ttf
2019/03/01 14:56:08.754 [I]  Download blogs/built/assets/img/touch-icon-ipad-8c8b6a3d9a005a24291d5cf101a3952d.png => /Users/acgpiano/github/imgcdn/qiniu/blogs/built/assets/img/touch-icon-ipad-8c8b6a3d9a005a24291d5cf101a3952d.png success +InfKB/s
2019/03/01 14:56:08.754 [I]  Downloading magicare.woff => /Users/acgpiano/github/imgcdn/qiniu/magicare.woff
2019/03/01 14:56:08.763 [I]  Download blogs/fonts/6LmGj5dOJopQKEkt88GowWT7sFQ1Iz1BbpcuCPlgc9Q.woff => /Users/acgpiano/github/imgcdn/qiniu/blogs/fonts/6LmGj5dOJopQKEkt88GowWT7sFQ1Iz1BbpcuCPlgc9Q.woff success +InfKB/s
2019/03/01 14:56:08.763 [I]  Download bundle/css/grids-responsive-min.css => /Users/acgpiano/github/imgcdn/qiniu/bundle/css/grids-responsive-min.css success +InfKB/s
2019/03/01 14:56:08.782 [I]  Download 20171209/sl.jpeg => /Users/acgpiano/github/imgcdn/qiniu/20171209/sl.jpeg success 92.49KB/s
2019/03/01 14:56:08.783 [I]  Download bundle/images/passport/info.png => /Users/acgpiano/github/imgcdn/qiniu/bundle/images/passport/info.png success +InfKB/s
2019/03/01 14:56:08.787 [I]  Download blogs/fonts/nAqt4hiqwq3tzCecpgPmVX9UU5BmOJGkLxUCVv5VXdc.woff => /Users/acgpiano/github/imgcdn/qiniu/blogs/fonts/nAqt4hiqwq3tzCecpgPmVX9UU5BmOJGkLxUCVv5VXdc.woff success +InfKB/s
2019/03/01 14:56:08.796 [I]  Download bundle/images/passport/yoho-family.png => /Users/acgpiano/github/imgcdn/qiniu/bundle/images/passport/yoho-family.png success +InfKB/s
2019/03/01 14:56:08.797 [I]  Download bundle/images/passport/eye-close.png => /Users/acgpiano/github/imgcdn/qiniu/bundle/images/passport/eye-close.png success +InfKB/s
2019/03/01 14:56:08.798 [I]  Download bundle/images/passport/yoho.png => /Users/acgpiano/github/imgcdn/qiniu/bundle/images/passport/yoho.png success +InfKB/s
2019/03/01 14:56:08.812 [I]  Download blogs/fonts/icons.eot => /Users/acgpiano/github/imgcdn/qiniu/blogs/fonts/icons.eot success +InfKB/s
2019/03/01 14:56:08.831 [I]  Download bundle/scripts/blog.index.js => /Users/acgpiano/github/imgcdn/qiniu/bundle/scripts/blog.index.js success +InfKB/s
2019/03/01 14:56:08.832 [I]  Download blogimages/o_1bf65tsam1n8e100h19pt15hr1ba871493782425947 => /Users/acgpiano/github/imgcdn/qiniu/blogimages/o_1bf65tsam1n8e100h19pt15hr1ba871493782425947 success 101.74KB/s
2019/03/01 14:56:08.838 [I]  Download bundle/images/icon.png => /Users/acgpiano/github/imgcdn/qiniu/bundle/images/icon.png success +InfKB/s
2019/03/01 14:56:08.840 [I]  Download bundle/styles/blog.manage.css => /Users/acgpiano/github/imgcdn/qiniu/bundle/styles/blog.manage.css success +InfKB/s
2019/03/01 14:56:08.841 [I]  Download bundle/styles/blog.blog.css => /Users/acgpiano/github/imgcdn/qiniu/bundle/styles/blog.blog.css success +InfKB/s
2019/03/01 14:56:08.844 [I]  Download bundle/images/.DS_Store => /Users/acgpiano/github/imgcdn/qiniu/bundle/images/.DS_Store success +InfKB/s
2019/03/01 14:56:08.845 [I]  Download bundle/images/favicon.ico => /Users/acgpiano/github/imgcdn/qiniu/bundle/images/favicon.ico success +InfKB/s
2019/03/01 14:56:08.849 [I]  Download bundle/images/passport/weibo.png => /Users/acgpiano/github/imgcdn/qiniu/bundle/images/passport/weibo.png success +InfKB/s
2019/03/01 14:56:08.853 [I]  Download bundle/images/passport/eye.png => /Users/acgpiano/github/imgcdn/qiniu/bundle/images/passport/eye.png success +InfKB/s
2019/03/01 14:56:08.853 [I]  Download exmail/index.css => /Users/acgpiano/github/imgcdn/qiniu/exmail/index.css success +InfKB/s
2019/03/01 14:56:08.853 [I]  Download bundle/images/passport/alipay.png => /Users/acgpiano/github/imgcdn/qiniu/bundle/images/passport/alipay.png success +InfKB/s
2019/03/01 14:56:08.854 [I]  Download blogs/built/assets/img/contributors/kirrg001-79823418f2ca21e81719653f0286f95b.jpeg => /Users/acgpiano/github/imgcdn/qiniu/blogs/built/assets/img/contributors/kirrg001-79823418f2ca21e81719653f0286f95b.jpeg success +InfKB/s
2019/03/01 14:56:08.854 [I]  Download bundle/images/passport/facebook.png => /Users/acgpiano/github/imgcdn/qiniu/bundle/images/passport/facebook.png success +InfKB/s
2019/03/01 14:56:08.858 [I]  Download acgmusic/images/intro theme.png => /Users/acgpiano/github/imgcdn/qiniu/acgmusic/images/intro theme.png success 591.20KB/s
2019/03/01 14:56:08.858 [I]  Download bundle/scripts/chatroom.login.js => /Users/acgpiano/github/imgcdn/qiniu/bundle/scripts/chatroom.login.js success +InfKB/s
2019/03/01 14:56:08.860 [I]  Download blogs/fonts/AKu1CjQ4qnV8MUltkAX3sL2aU247V0zTzydO4RoO9Ok.woff => /Users/acgpiano/github/imgcdn/qiniu/blogs/fonts/AKu1CjQ4qnV8MUltkAX3sL2aU247V0zTzydO4RoO9Ok.woff success +InfKB/s
2019/03/01 14:56:08.864 [I]  Download exmail/index.js => /Users/acgpiano/github/imgcdn/qiniu/exmail/index.js success +InfKB/s
2019/03/01 14:56:08.864 [I]  Download bundle/styles/chatroom.chat.css => /Users/acgpiano/github/imgcdn/qiniu/bundle/styles/chatroom.chat.css success +InfKB/s
2019/03/01 14:56:08.893 [I]  Download bundle/images/passport/success.png => /Users/acgpiano/github/imgcdn/qiniu/bundle/images/passport/success.png success +InfKB/s
2019/03/01 14:56:08.901 [I]  Download jquery-3.2.1.min.js => /Users/acgpiano/github/imgcdn/qiniu/jquery-3.2.1.min.js success +InfKB/s
2019/03/01 14:56:08.909 [I]  Download magicare.ttf => /Users/acgpiano/github/imgcdn/qiniu/magicare.ttf success +InfKB/s
2019/03/01 14:56:08.909 [I]  Download magicare.eot => /Users/acgpiano/github/imgcdn/qiniu/magicare.eot success +InfKB/s
2019/03/01 14:56:08.910 [I]  Download magicare.woff => /Users/acgpiano/github/imgcdn/qiniu/magicare.woff success +InfKB/s
2019/03/01 14:56:08.910 [I]  Download magicare.svg => /Users/acgpiano/github/imgcdn/qiniu/magicare.svg success +InfKB/s
2019/03/01 14:56:08.916 [I]  Download bundle/images/passport/qq.png => /Users/acgpiano/github/imgcdn/qiniu/bundle/images/passport/qq.png success +InfKB/s
2019/03/01 14:56:08.916 [I]  Download magicare-login.css => /Users/acgpiano/github/imgcdn/qiniu/magicare-login.css success +InfKB/s
2019/03/01 14:56:08.923 [I]  Download blogs/built/assets/img/favicon.ico => /Users/acgpiano/github/imgcdn/qiniu/blogs/built/assets/img/favicon.ico success +InfKB/s
2019/03/01 14:56:08.923 [I]  Download bundle/styles/blog.index.css => /Users/acgpiano/github/imgcdn/qiniu/bundle/styles/blog.index.css success +InfKB/s
2019/03/01 14:56:08.932 [I]  Download blogs/built/assets/img/ghost-logo-5ef1d153e7d7bf7a0092c5a8c66205c7.png => /Users/acgpiano/github/imgcdn/qiniu/blogs/built/assets/img/ghost-logo-5ef1d153e7d7bf7a0092c5a8c66205c7.png success +InfKB/s
2019/03/01 14:56:08.936 [I]  Download blogs/built/assets/img/users-62c43224a1127a52d2c49eb07fd2fd53.png => /Users/acgpiano/github/imgcdn/qiniu/blogs/built/assets/img/users-62c43224a1127a52d2c49eb07fd2fd53.png success +InfKB/s
2019/03/01 14:56:08.936 [I]  Download bundle/scripts/chatroom.chat.js => /Users/acgpiano/github/imgcdn/qiniu/bundle/scripts/chatroom.chat.js success +InfKB/s
2019/03/01 14:56:08.946 [I]  Download bundle/scripts/blog.login.js => /Users/acgpiano/github/imgcdn/qiniu/bundle/scripts/blog.login.js success +InfKB/s
2019/03/01 14:56:08.951 [I]  Download 2018-05-29/4.png => /Users/acgpiano/github/imgcdn/qiniu/2018-05-29/4.png success 401.23KB/s
2019/03/01 14:56:08.960 [I]  Download bundle/styles/blog.login.css => /Users/acgpiano/github/imgcdn/qiniu/bundle/styles/blog.login.css success +InfKB/s
2019/03/01 14:56:08.960 [I]  Download bundle/styles/chatroom.login.css => /Users/acgpiano/github/imgcdn/qiniu/bundle/styles/chatroom.login.css success +InfKB/s
2019/03/01 14:56:08.960 [I]  Download bundle/fonts/fontawesome-webfont.woff2 => /Users/acgpiano/github/imgcdn/qiniu/bundle/fonts/fontawesome-webfont.woff2 success +InfKB/s
2019/03/01 14:56:08.966 [I]  Download blogs/fonts/nAqt4hiqwq3tzCecpgPmVYM8pfYvjMoOxygpzLVILAs.woff => /Users/acgpiano/github/imgcdn/qiniu/blogs/fonts/nAqt4hiqwq3tzCecpgPmVYM8pfYvjMoOxygpzLVILAs.woff success +InfKB/s
2019/03/01 14:56:08.966 [I]  Download blogimages/o_1bf6568fl195b1chk144v1f6qpp71493781651963 => /Users/acgpiano/github/imgcdn/qiniu/blogimages/o_1bf6568fl195b1chk144v1f6qpp71493781651963 success 334.42KB/s
2019/03/01 14:56:08.971 [I]  Download logo.png => /Users/acgpiano/github/imgcdn/qiniu/logo.png success +InfKB/s
2019/03/01 14:56:08.992 [I]  Download bundle/images/passport/arrow-right.png => /Users/acgpiano/github/imgcdn/qiniu/bundle/images/passport/arrow-right.png success +InfKB/s
2019/03/01 14:56:09.004 [I]  Download acgmusic/images/steinway.png => /Users/acgpiano/github/imgcdn/qiniu/acgmusic/images/steinway.png success 140.63KB/s
2019/03/01 14:56:09.012 [I]  Download blogs/built/assets/icons/heart-circle.svg => /Users/acgpiano/github/imgcdn/qiniu/blogs/built/assets/icons/heart-circle.svg success 0.72KB/s
2019/03/01 14:56:09.014 [I]  Download bundle/css/font-awesome.css => /Users/acgpiano/github/imgcdn/qiniu/bundle/css/font-awesome.css success 36.54KB/s
2019/03/01 14:56:09.016 [I]  Download blogs/built/assets/img/contributors/disordinary-b9997e5debb59b7aadc79ba90955b662.jpeg => /Users/acgpiano/github/imgcdn/qiniu/blogs/built/assets/img/contributors/disordinary-b9997e5debb59b7aadc79ba90955b662.jpeg success 1.00KB/s
2019/03/01 14:56:09.024 [I]  Download loveletter/offer.png => /Users/acgpiano/github/imgcdn/qiniu/loveletter/offer.png success 28.30KB/s
2019/03/01 14:56:09.042 [I]  Download acgmusic/images/Melodies of life.png => /Users/acgpiano/github/imgcdn/qiniu/acgmusic/images/Melodies of life.png success 241.45KB/s
2019/03/01 14:56:09.051 [I]  Download 2018-01-04/QQ20180104-5.png => /Users/acgpiano/github/imgcdn/qiniu/2018-01-04/QQ20180104-5.png success 35.48KB/s
2019/03/01 14:56:09.051 [I]  Download loveletter/bundle.js => /Users/acgpiano/github/imgcdn/qiniu/loveletter/bundle.js success 636.93KB/s
2019/03/01 14:56:09.058 [I]  Download bundle/images/passport/weixin.png => /Users/acgpiano/github/imgcdn/qiniu/bundle/images/passport/weixin.png success 18.49KB/s
2019/03/01 14:56:09.087 [I]  Download blogs/fonts/6LmGj5dOJopQKEkt88GowQfd-b-I5PxxcmB4_-MNcqw.woff => /Users/acgpiano/github/imgcdn/qiniu/blogs/fonts/6LmGj5dOJopQKEkt88GowQfd-b-I5PxxcmB4_-MNcqw.woff success 19.32KB/s
2019/03/01 14:56:09.093 [I]  Download bundle/images/passport/wechat.png => /Users/acgpiano/github/imgcdn/qiniu/bundle/images/passport/wechat.png success 18.49KB/s
2019/03/01 14:56:09.093 [I]  Download bundle/fonts/fontawesome-webfont.ttf => /Users/acgpiano/github/imgcdn/qiniu/bundle/fonts/fontawesome-webfont.ttf success 161.67KB/s
2019/03/01 14:56:09.101 [I]  Download bundle/images/passport/fb.png => /Users/acgpiano/github/imgcdn/qiniu/bundle/images/passport/fb.png success 17.66KB/s
2019/03/01 14:56:09.132 [I]  Download bundle/scripts/blog.manage.js => /Users/acgpiano/github/imgcdn/qiniu/bundle/scripts/blog.manage.js success 444.44KB/s
2019/03/01 14:56:09.138 [I]  Download loveletter/IMG_0526.JPG => /Users/acgpiano/github/imgcdn/qiniu/loveletter/IMG_0526.JPG success 86.86KB/s
2019/03/01 14:56:09.143 [I]  Download bundle/fonts/fontawesome-webfont.woff => /Users/acgpiano/github/imgcdn/qiniu/bundle/fonts/fontawesome-webfont.woff success 95.73KB/s
2019/03/01 14:56:09.145 [I]  Download bundle/fonts/FontAwesome.otf => /Users/acgpiano/github/imgcdn/qiniu/bundle/fonts/FontAwesome.otf success 131.65KB/s
2019/03/01 14:56:09.149 [I]  Download bundle/fonts/fontawesome-webfont.eot => /Users/acgpiano/github/imgcdn/qiniu/bundle/fonts/fontawesome-webfont.eot success 161.86KB/s
2019/03/01 14:56:09.150 [I]  Download blogimages/o_1bf65espgje7g0f26d167ca0n101493781934902 => /Users/acgpiano/github/imgcdn/qiniu/blogimages/o_1bf65espgje7g0f26d167ca0n101493781934902 success 41.27KB/s
2019/03/01 14:56:09.151 [I]  Download blogs/built/assets/icons/calendar.svg => /Users/acgpiano/github/imgcdn/qiniu/blogs/built/assets/icons/calendar.svg success 0.54KB/s
2019/03/01 14:56:09.163 [I]  Download loveletter/IMG_0530.JPG => /Users/acgpiano/github/imgcdn/qiniu/loveletter/IMG_0530.JPG success 92.67KB/s
2019/03/01 14:56:09.165 [I]  Download loveletter/qq1.png => /Users/acgpiano/github/imgcdn/qiniu/loveletter/qq1.png success 149.67KB/s
2019/03/01 14:56:09.175 [I]  Download 2018-05-29/3_meitu_1.jpg => /Users/acgpiano/github/imgcdn/qiniu/2018-05-29/3_meitu_1.jpg success 167.29KB/s
2019/03/01 14:56:09.176 [I]  Download blogs/built/assets/img/user-image-65d227a8129d14e33028afcad784158f.png => /Users/acgpiano/github/imgcdn/qiniu/blogs/built/assets/img/user-image-65d227a8129d14e33028afcad784158f.png success 2.36KB/s
2019/03/01 14:56:09.188 [I]  Download bundle/scripts/blog.blog.js => /Users/acgpiano/github/imgcdn/qiniu/bundle/scripts/blog.blog.js success 51.71KB/s
2019/03/01 14:56:09.198 [I]  Download keyboardlc.png => /Users/acgpiano/github/imgcdn/qiniu/keyboardlc.png success 101.22KB/s
2019/03/01 14:56:09.220 [I]  Download 2018-01-04/QQ20180104-175113.png => /Users/acgpiano/github/imgcdn/qiniu/2018-01-04/QQ20180104-175113.png success 53.47KB/s
2019/03/01 14:56:09.276 [I]  Download acgmusic/images/to zanarkand harp.png => /Users/acgpiano/github/imgcdn/qiniu/acgmusic/images/to zanarkand harp.png success 370.19KB/s
2019/03/01 14:56:09.285 [I]  Download acgmusic/images/Promise.png => /Users/acgpiano/github/imgcdn/qiniu/acgmusic/images/Promise.png success 328.27KB/s
2019/03/01 14:56:09.298 [I]  Download loveletter/bg.jpeg => /Users/acgpiano/github/imgcdn/qiniu/loveletter/bg.jpeg success 103.93KB/s
2019/03/01 14:56:09.309 [I]  Download blogs/js/dependencies.js => /Users/acgpiano/github/imgcdn/qiniu/blogs/js/dependencies.js success 633.94KB/s
2019/03/01 14:56:09.328 [I]  Download acgmusic/images/eyesonme.png => /Users/acgpiano/github/imgcdn/qiniu/acgmusic/images/eyesonme.png success 286.91KB/s
2019/03/01 14:56:09.373 [I]  Download blogs/fonts/BjAYBlHtW3CJxDcjzrnZCIbN6UDyHWBl620a-IRfuBk.woff => /Users/acgpiano/github/imgcdn/qiniu/blogs/fonts/BjAYBlHtW3CJxDcjzrnZCIbN6UDyHWBl620a-IRfuBk.woff success 37.44KB/s
2019/03/01 14:56:09.404 [I]  Download loveletter/icon.png => /Users/acgpiano/github/imgcdn/qiniu/loveletter/icon.png success 425.10KB/s
2019/03/01 14:56:09.404 [I]  Download 2018-01-04/QQ20180104-170801.png => /Users/acgpiano/github/imgcdn/qiniu/2018-01-04/QQ20180104-170801.png success 48.09KB/s
2019/03/01 14:56:09.407 [I]  Download acgmusic/images/aerith.png => /Users/acgpiano/github/imgcdn/qiniu/acgmusic/images/aerith.png success 279.45KB/s
2019/03/01 14:56:09.420 [I]  Download bundle/images/blog-bg-lg.jpg => /Users/acgpiano/github/imgcdn/qiniu/bundle/images/blog-bg-lg.jpg success 197.68KB/s
2019/03/01 14:56:09.443 [I]  Download blogs/built/assets/img/install-welcome-3e448684378da60f50541b9c4ab7f33f.png => /Users/acgpiano/github/imgcdn/qiniu/blogs/built/assets/img/install-welcome-3e448684378da60f50541b9c4ab7f33f.png success 234.57KB/s
2019/03/01 14:56:09.501 [I]  Download bundle/images/main-bg.jpg => /Users/acgpiano/github/imgcdn/qiniu/bundle/images/main-bg.jpg success 63.98KB/s
2019/03/01 14:56:09.579 [I]  Download bundle/fonts/fontawesome-webfont.svg => /Users/acgpiano/github/imgcdn/qiniu/bundle/fonts/fontawesome-webfont.svg success 433.96KB/s
2019/03/01 14:56:09.704 [I]  Download 20171212/sl.jpeg => /Users/acgpiano/github/imgcdn/qiniu/20171212/sl.jpeg success 46.25KB/s
2019/03/01 14:56:09.740 [I]  Download blogimages/o_1bf653ol6n3m18e3241vj8u6p71493781570218 => /Users/acgpiano/github/imgcdn/qiniu/blogimages/o_1bf653ol6n3m18e3241vj8u6p71493781570218 success 167.21KB/s
2019/03/01 14:56:09.826 [I]  Download blogs/fonts/AIed271kqQlcIRSOnQH0yTqR_3kx9_hJXbbyU8S6IN0.woff => /Users/acgpiano/github/imgcdn/qiniu/blogs/fonts/AIed271kqQlcIRSOnQH0yTqR_3kx9_hJXbbyU8S6IN0.woff success 24.03KB/s
2019/03/01 14:56:09.829 [I]  Download bundle/images/blog-bg.jpg => /Users/acgpiano/github/imgcdn/qiniu/bundle/images/blog-bg.jpg success 1171.99KB/s
2019/03/01 14:56:09.963 [I]  Download acgmusic/images/tozana2.png => /Users/acgpiano/github/imgcdn/qiniu/acgmusic/images/tozana2.png success 449.91KB/s
2019/03/01 14:56:10.010 [I]  Download acgmusic/images/bdff wind.png => /Users/acgpiano/github/imgcdn/qiniu/acgmusic/images/bdff wind.png success 205.03KB/s
2019/03/01 14:56:10.022 [I]  Download acgmusic/images/true.png => /Users/acgpiano/github/imgcdn/qiniu/acgmusic/images/true.png success 234.84KB/s
2019/03/01 14:56:10.240 [I]  Download blogs/built/assets/vendor.min-ad2d2d82db2ea5f42ae2e5bab8e29648.js => /Users/acgpiano/github/imgcdn/qiniu/blogs/built/assets/vendor.min-ad2d2d82db2ea5f42ae2e5bab8e29648.js success 1040.49KB/s
2019/03/01 14:56:10.380 [I]  Download acgmusic/images/Intro theme2.png => /Users/acgpiano/github/imgcdn/qiniu/acgmusic/images/Intro theme2.png success 360.17KB/s
2019/03/01 14:56:10.834 [I]  Download blogs/fonts/FZJT_Xian.woff => /Users/acgpiano/github/imgcdn/qiniu/blogs/fonts/FZJT_Xian.woff success 872.17KB/s
2019/03/01 14:56:18.042 [I]  Download acgmusic/images/tifa theme.png => /Users/acgpiano/github/imgcdn/qiniu/acgmusic/images/tifa theme.png success 67.19KB/s
2019/03/01 14:56:18.042 [I]  -------Download Result-------
2019/03/01 14:56:18.042 [I]      Total:       291
2019/03/01 14:56:18.042 [I]    Skipped:         0
2019/03/01 14:56:18.042 [I]     Exists:         0
2019/03/01 14:56:18.042 [I]    Success:       291
2019/03/01 14:56:18.042 [I]     Update:         0
2019/03/01 14:56:18.042 [I]    Failure:         0
2019/03/01 14:56:18.042 [I]   Duration:  11.406663242s
2019/03/01 14:56:18.042 [I]  -----------------------------
